/*C1*/SET SCHEMA PUBLIC
CONNECT USER SA
drop table prediction if exists
drop table training if exists
create table prediction (id bigint generated by default as identity (start with 1), version bigint not null, primary key (id))
create table training (id bigint generated by default as identity (start with 1), version bigint not null, accession_id varchar(255) not null, email_adress varchar(255) not null, est_file varchar(255), est_ftp_link varchar(255), genome_file varchar(255), genome_ftp_link varchar(255), job_id varchar(255), job_status varchar(255), max_index integer not null, project_name varchar(30) not null, protein_file varchar(255), protein_ftp_link varchar(255), struct_file varchar(255), primary key (id), unique (project_name), unique (accession_id))
INSERT INTO TRAINING VALUES(1,0,'E8SUSS57','katharina.hoff@gmail.com',NULL,'http://www.gobics.de/katharina/genome.fna',NULL,'http://www.gobics.de/katharina/genome.fna','0',NULL,37,'Tester',NULL,NULL,NULL)
DELETE FROM TRAINING WHERE ID=1
INSERT INTO TRAINING VALUES(1,1,'E8SUSS57','katharina.hoff@gmail.com',NULL,'http://www.gobics.de/katharina/genome.fna',NULL,'http://www.gobics.de/katharina/genome.fna','0','0',37,'Tester',NULL,NULL,NULL)
DELETE FROM TRAINING WHERE ID=1
INSERT INTO TRAINING VALUES(1,2,'E8SUSS57','katharina.hoff@gmail.com',NULL,'http://www.gobics.de/katharina/genome.fna',NULL,'http://www.gobics.de/katharina/genome.fna','762417','1',37,'Tester',NULL,NULL,NULL)
DELETE FROM TRAINING WHERE ID=1
INSERT INTO TRAINING VALUES(1,3,'E8SUSS57','katharina.hoff@gmail.com',NULL,'http://www.gobics.de/katharina/genome.fna',NULL,'http://www.gobics.de/katharina/genome.fna','762417','1',37,'Tester',NULL,NULL,NULL)
DELETE FROM TRAINING WHERE ID=1
INSERT INTO TRAINING VALUES(1,4,'E8SUSS57','katharina.hoff@gmail.com',NULL,'http://www.gobics.de/katharina/genome.fna',NULL,'http://www.gobics.de/katharina/genome.fna','762417','2',37,'Tester',NULL,NULL,NULL)
DELETE FROM TRAINING WHERE ID=1
INSERT INTO TRAINING VALUES(1,5,'E8SUSS57','katharina.hoff@gmail.com',NULL,'http://www.gobics.de/katharina/genome.fna',NULL,'http://www.gobics.de/katharina/genome.fna','762417','2',37,'Tester',NULL,NULL,NULL)
DELETE FROM TRAINING WHERE ID=1
INSERT INTO TRAINING VALUES(1,6,'E8SUSS57','katharina.hoff@gmail.com',NULL,'http://www.gobics.de/katharina/genome.fna',NULL,'http://www.gobics.de/katharina/genome.fna','762417','2',37,'Tester',NULL,NULL,NULL)
DELETE FROM TRAINING WHERE ID=1
INSERT INTO TRAINING VALUES(1,7,'E8SUSS57','katharina.hoff@gmail.com',NULL,'http://www.gobics.de/katharina/genome.fna',NULL,'http://www.gobics.de/katharina/genome.fna','762417','2',37,'Tester',NULL,NULL,NULL)
DELETE FROM TRAINING WHERE ID=1
INSERT INTO TRAINING VALUES(1,8,'E8SUSS57','katharina.hoff@gmail.com',NULL,'http://www.gobics.de/katharina/genome.fna',NULL,'http://www.gobics.de/katharina/genome.fna','762417','2',37,'Tester',NULL,NULL,NULL)
DELETE FROM TRAINING WHERE ID=1
INSERT INTO TRAINING VALUES(1,9,'E8SUSS57','katharina.hoff@gmail.com',NULL,'http://www.gobics.de/katharina/genome.fna',NULL,'http://www.gobics.de/katharina/genome.fna','762417','2',37,'Tester',NULL,NULL,NULL)
DELETE FROM TRAINING WHERE ID=1
INSERT INTO TRAINING VALUES(1,10,'E8SUSS57','katharina.hoff@gmail.com',NULL,'http://www.gobics.de/katharina/genome.fna',NULL,'http://www.gobics.de/katharina/genome.fna','762417','2',37,'Tester',NULL,NULL,NULL)
DELETE FROM TRAINING WHERE ID=1
INSERT INTO TRAINING VALUES(1,11,'E8SUSS57','katharina.hoff@gmail.com',NULL,'http://www.gobics.de/katharina/genome.fna',NULL,'http://www.gobics.de/katharina/genome.fna','762417','2',37,'Tester',NULL,NULL,NULL)
DELETE FROM TRAINING WHERE ID=1
INSERT INTO TRAINING VALUES(1,12,'E8SUSS57','katharina.hoff@gmail.com',NULL,'http://www.gobics.de/katharina/genome.fna',NULL,'http://www.gobics.de/katharina/genome.fna','762417','2',37,'Tester',NULL,NULL,NULL)
DELETE FROM TRAINING WHERE ID=1
INSERT INTO TRAINING VALUES(1,13,'E8SUSS57','katharina.hoff@gmail.com',NULL,'http://www.gobics.de/katharina/genome.fna',NULL,'http://www.gobics.de/katharina/genome.fna','762417','2',37,'Tester',NULL,NULL,NULL)
DELETE FROM TRAINING WHERE ID=1
INSERT INTO TRAINING VALUES(1,14,'E8SUSS57','katharina.hoff@gmail.com',NULL,'http://www.gobics.de/katharina/genome.fna',NULL,'http://www.gobics.de/katharina/genome.fna','762417','2',37,'Tester',NULL,NULL,NULL)
DELETE FROM TRAINING WHERE ID=1
INSERT INTO TRAINING VALUES(1,15,'E8SUSS57','katharina.hoff@gmail.com',NULL,'http://www.gobics.de/katharina/genome.fna',NULL,'http://www.gobics.de/katharina/genome.fna','762417','2',37,'Tester',NULL,NULL,NULL)
DELETE FROM TRAINING WHERE ID=1
INSERT INTO TRAINING VALUES(1,16,'E8SUSS57','katharina.hoff@gmail.com',NULL,'http://www.gobics.de/katharina/genome.fna',NULL,'http://www.gobics.de/katharina/genome.fna','762417','2',37,'Tester',NULL,NULL,NULL)
DELETE FROM TRAINING WHERE ID=1
INSERT INTO TRAINING VALUES(1,17,'E8SUSS57','katharina.hoff@gmail.com',NULL,'http://www.gobics.de/katharina/genome.fna',NULL,'http://www.gobics.de/katharina/genome.fna','762417','2',37,'Tester',NULL,NULL,NULL)
DELETE FROM TRAINING WHERE ID=1
INSERT INTO TRAINING VALUES(1,18,'E8SUSS57','katharina.hoff@gmail.com',NULL,'http://www.gobics.de/katharina/genome.fna',NULL,'http://www.gobics.de/katharina/genome.fna','762417','2',37,'Tester',NULL,NULL,NULL)
DELETE FROM TRAINING WHERE ID=1
INSERT INTO TRAINING VALUES(1,19,'E8SUSS57','katharina.hoff@gmail.com',NULL,'http://www.gobics.de/katharina/genome.fna',NULL,'http://www.gobics.de/katharina/genome.fna','762417','2',37,'Tester',NULL,NULL,NULL)
DELETE FROM TRAINING WHERE ID=1
INSERT INTO TRAINING VALUES(1,20,'E8SUSS57','katharina.hoff@gmail.com',NULL,'http://www.gobics.de/katharina/genome.fna',NULL,'http://www.gobics.de/katharina/genome.fna','762417','2',37,'Tester',NULL,NULL,NULL)
DELETE FROM TRAINING WHERE ID=1
INSERT INTO TRAINING VALUES(1,21,'E8SUSS57','katharina.hoff@gmail.com',NULL,'http://www.gobics.de/katharina/genome.fna',NULL,'http://www.gobics.de/katharina/genome.fna','762417','2',37,'Tester',NULL,NULL,NULL)
DELETE FROM TRAINING WHERE ID=1
INSERT INTO TRAINING VALUES(1,22,'E8SUSS57','katharina.hoff@gmail.com',NULL,'http://www.gobics.de/katharina/genome.fna',NULL,'http://www.gobics.de/katharina/genome.fna','762417','2',37,'Tester',NULL,NULL,NULL)
DELETE FROM TRAINING WHERE ID=1
INSERT INTO TRAINING VALUES(1,23,'E8SUSS57','katharina.hoff@gmail.com',NULL,'http://www.gobics.de/katharina/genome.fna',NULL,'http://www.gobics.de/katharina/genome.fna','762417','2',37,'Tester',NULL,NULL,NULL)
DELETE FROM TRAINING WHERE ID=1
INSERT INTO TRAINING VALUES(1,24,'E8SUSS57','katharina.hoff@gmail.com',NULL,'http://www.gobics.de/katharina/genome.fna',NULL,'http://www.gobics.de/katharina/genome.fna','762417','2',37,'Tester',NULL,NULL,NULL)
DELETE FROM TRAINING WHERE ID=1
INSERT INTO TRAINING VALUES(1,25,'E8SUSS57','katharina.hoff@gmail.com',NULL,'http://www.gobics.de/katharina/genome.fna',NULL,'http://www.gobics.de/katharina/genome.fna','762417','2',37,'Tester',NULL,NULL,NULL)
DELETE FROM TRAINING WHERE ID=1
INSERT INTO TRAINING VALUES(1,26,'E8SUSS57','katharina.hoff@gmail.com',NULL,'http://www.gobics.de/katharina/genome.fna',NULL,'http://www.gobics.de/katharina/genome.fna','762417','2',37,'Tester',NULL,NULL,NULL)
DELETE FROM TRAINING WHERE ID=1
INSERT INTO TRAINING VALUES(1,27,'E8SUSS57','katharina.hoff@gmail.com',NULL,'http://www.gobics.de/katharina/genome.fna',NULL,'http://www.gobics.de/katharina/genome.fna','762417','2',37,'Tester',NULL,NULL,NULL)
DELETE FROM TRAINING WHERE ID=1
INSERT INTO TRAINING VALUES(1,28,'E8SUSS57','katharina.hoff@gmail.com',NULL,'http://www.gobics.de/katharina/genome.fna',NULL,'http://www.gobics.de/katharina/genome.fna','762417','2',37,'Tester',NULL,NULL,NULL)
DELETE FROM TRAINING WHERE ID=1
INSERT INTO TRAINING VALUES(1,29,'E8SUSS57','katharina.hoff@gmail.com',NULL,'http://www.gobics.de/katharina/genome.fna',NULL,'http://www.gobics.de/katharina/genome.fna','762417','2',37,'Tester',NULL,NULL,NULL)
DELETE FROM TRAINING WHERE ID=1
INSERT INTO TRAINING VALUES(1,30,'E8SUSS57','katharina.hoff@gmail.com',NULL,'http://www.gobics.de/katharina/genome.fna',NULL,'http://www.gobics.de/katharina/genome.fna','762417','2',37,'Tester',NULL,NULL,NULL)
DELETE FROM TRAINING WHERE ID=1
INSERT INTO TRAINING VALUES(1,31,'E8SUSS57','katharina.hoff@gmail.com',NULL,'http://www.gobics.de/katharina/genome.fna',NULL,'http://www.gobics.de/katharina/genome.fna','762417','2',37,'Tester',NULL,NULL,NULL)
DELETE FROM TRAINING WHERE ID=1
INSERT INTO TRAINING VALUES(1,32,'E8SUSS57','katharina.hoff@gmail.com',NULL,'http://www.gobics.de/katharina/genome.fna',NULL,'http://www.gobics.de/katharina/genome.fna','762417','2',37,'Tester',NULL,NULL,NULL)
DELETE FROM TRAINING WHERE ID=1
INSERT INTO TRAINING VALUES(1,33,'E8SUSS57','katharina.hoff@gmail.com',NULL,'http://www.gobics.de/katharina/genome.fna',NULL,'http://www.gobics.de/katharina/genome.fna','762417','2',37,'Tester',NULL,NULL,NULL)
DELETE FROM TRAINING WHERE ID=1
INSERT INTO TRAINING VALUES(1,34,'E8SUSS57','katharina.hoff@gmail.com',NULL,'http://www.gobics.de/katharina/genome.fna',NULL,'http://www.gobics.de/katharina/genome.fna','762417','2',37,'Tester',NULL,NULL,NULL)
DELETE FROM TRAINING WHERE ID=1
INSERT INTO TRAINING VALUES(1,35,'E8SUSS57','katharina.hoff@gmail.com',NULL,'http://www.gobics.de/katharina/genome.fna',NULL,'http://www.gobics.de/katharina/genome.fna','762417','2',37,'Tester',NULL,NULL,NULL)
DELETE FROM TRAINING WHERE ID=1
INSERT INTO TRAINING VALUES(1,36,'E8SUSS57','katharina.hoff@gmail.com',NULL,'http://www.gobics.de/katharina/genome.fna',NULL,'http://www.gobics.de/katharina/genome.fna','762417','2',37,'Tester',NULL,NULL,NULL)
DELETE FROM TRAINING WHERE ID=1
INSERT INTO TRAINING VALUES(1,37,'E8SUSS57','katharina.hoff@gmail.com',NULL,'http://www.gobics.de/katharina/genome.fna',NULL,'http://www.gobics.de/katharina/genome.fna','762417','2',37,'Tester',NULL,NULL,NULL)
DELETE FROM TRAINING WHERE ID=1
INSERT INTO TRAINING VALUES(1,38,'E8SUSS57','katharina.hoff@gmail.com',NULL,'http://www.gobics.de/katharina/genome.fna',NULL,'http://www.gobics.de/katharina/genome.fna','762417','2',37,'Tester',NULL,NULL,NULL)
DELETE FROM TRAINING WHERE ID=1
INSERT INTO TRAINING VALUES(1,39,'E8SUSS57','katharina.hoff@gmail.com',NULL,'http://www.gobics.de/katharina/genome.fna',NULL,'http://www.gobics.de/katharina/genome.fna','762417','2',37,'Tester',NULL,NULL,NULL)
DELETE FROM TRAINING WHERE ID=1
INSERT INTO TRAINING VALUES(1,40,'E8SUSS57','katharina.hoff@gmail.com',NULL,'http://www.gobics.de/katharina/genome.fna',NULL,'http://www.gobics.de/katharina/genome.fna','762417','2',37,'Tester',NULL,NULL,NULL)
DELETE FROM TRAINING WHERE ID=1
INSERT INTO TRAINING VALUES(1,41,'E8SUSS57','katharina.hoff@gmail.com',NULL,'http://www.gobics.de/katharina/genome.fna',NULL,'http://www.gobics.de/katharina/genome.fna','762417','2',37,'Tester',NULL,NULL,NULL)
DELETE FROM TRAINING WHERE ID=1
INSERT INTO TRAINING VALUES(1,42,'E8SUSS57','katharina.hoff@gmail.com',NULL,'http://www.gobics.de/katharina/genome.fna',NULL,'http://www.gobics.de/katharina/genome.fna','762417','2',37,'Tester',NULL,NULL,NULL)
DELETE FROM TRAINING WHERE ID=1
INSERT INTO TRAINING VALUES(1,43,'E8SUSS57','katharina.hoff@gmail.com',NULL,'http://www.gobics.de/katharina/genome.fna',NULL,'http://www.gobics.de/katharina/genome.fna','762417','2',37,'Tester',NULL,NULL,NULL)
DELETE FROM TRAINING WHERE ID=1
INSERT INTO TRAINING VALUES(1,44,'E8SUSS57','katharina.hoff@gmail.com',NULL,'http://www.gobics.de/katharina/genome.fna',NULL,'http://www.gobics.de/katharina/genome.fna','762417','2',37,'Tester',NULL,NULL,NULL)
DELETE FROM TRAINING WHERE ID=1
INSERT INTO TRAINING VALUES(1,45,'E8SUSS57','katharina.hoff@gmail.com',NULL,'http://www.gobics.de/katharina/genome.fna',NULL,'http://www.gobics.de/katharina/genome.fna','762417','2',37,'Tester',NULL,NULL,NULL)
DELETE FROM TRAINING WHERE ID=1
INSERT INTO TRAINING VALUES(1,46,'E8SUSS57','katharina.hoff@gmail.com',NULL,'http://www.gobics.de/katharina/genome.fna',NULL,'http://www.gobics.de/katharina/genome.fna','762417','2',37,'Tester',NULL,NULL,NULL)
DELETE FROM TRAINING WHERE ID=1
INSERT INTO TRAINING VALUES(1,47,'E8SUSS57','katharina.hoff@gmail.com',NULL,'http://www.gobics.de/katharina/genome.fna',NULL,'http://www.gobics.de/katharina/genome.fna','762417','2',37,'Tester',NULL,NULL,NULL)
DELETE FROM TRAINING WHERE ID=1
INSERT INTO TRAINING VALUES(1,48,'E8SUSS57','katharina.hoff@gmail.com',NULL,'http://www.gobics.de/katharina/genome.fna',NULL,'http://www.gobics.de/katharina/genome.fna','762417','2',37,'Tester',NULL,NULL,NULL)
DELETE FROM TRAINING WHERE ID=1
INSERT INTO TRAINING VALUES(1,49,'E8SUSS57','katharina.hoff@gmail.com',NULL,'http://www.gobics.de/katharina/genome.fna',NULL,'http://www.gobics.de/katharina/genome.fna','762417','2',37,'Tester',NULL,NULL,NULL)
DELETE FROM TRAINING WHERE ID=1
INSERT INTO TRAINING VALUES(1,50,'E8SUSS57','katharina.hoff@gmail.com',NULL,'http://www.gobics.de/katharina/genome.fna',NULL,'http://www.gobics.de/katharina/genome.fna','762417','2',37,'Tester',NULL,NULL,NULL)
DELETE FROM TRAINING WHERE ID=1
INSERT INTO TRAINING VALUES(1,51,'E8SUSS57','katharina.hoff@gmail.com',NULL,'http://www.gobics.de/katharina/genome.fna',NULL,'http://www.gobics.de/katharina/genome.fna','762417','2',37,'Tester',NULL,NULL,NULL)
DELETE FROM TRAINING WHERE ID=1
INSERT INTO TRAINING VALUES(1,52,'E8SUSS57','katharina.hoff@gmail.com',NULL,'http://www.gobics.de/katharina/genome.fna',NULL,'http://www.gobics.de/katharina/genome.fna','762417','2',37,'Tester',NULL,NULL,NULL)
DELETE FROM TRAINING WHERE ID=1
INSERT INTO TRAINING VALUES(1,53,'E8SUSS57','katharina.hoff@gmail.com',NULL,'http://www.gobics.de/katharina/genome.fna',NULL,'http://www.gobics.de/katharina/genome.fna','762417','2',37,'Tester',NULL,NULL,NULL)
DELETE FROM TRAINING WHERE ID=1
INSERT INTO TRAINING VALUES(1,54,'E8SUSS57','katharina.hoff@gmail.com',NULL,'http://www.gobics.de/katharina/genome.fna',NULL,'http://www.gobics.de/katharina/genome.fna','762417','2',37,'Tester',NULL,NULL,NULL)
DELETE FROM TRAINING WHERE ID=1
INSERT INTO TRAINING VALUES(1,55,'E8SUSS57','katharina.hoff@gmail.com',NULL,'http://www.gobics.de/katharina/genome.fna',NULL,'http://www.gobics.de/katharina/genome.fna','762417','2',37,'Tester',NULL,NULL,NULL)
DELETE FROM TRAINING WHERE ID=1
INSERT INTO TRAINING VALUES(1,56,'E8SUSS57','katharina.hoff@gmail.com',NULL,'http://www.gobics.de/katharina/genome.fna',NULL,'http://www.gobics.de/katharina/genome.fna','762417','3',37,'Tester',NULL,NULL,NULL)
DELETE FROM TRAINING WHERE ID=1
INSERT INTO TRAINING VALUES(1,57,'E8SUSS57','katharina.hoff@gmail.com',NULL,'http://www.gobics.de/katharina/genome.fna',NULL,'http://www.gobics.de/katharina/genome.fna','762417','3',37,'Tester',NULL,NULL,NULL)
DELETE FROM TRAINING WHERE ID=1
INSERT INTO TRAINING VALUES(1,58,'E8SUSS57','katharina.hoff@gmail.com',NULL,'http://www.gobics.de/katharina/genome.fna',NULL,'http://www.gobics.de/katharina/genome.fna','762417','4',37,'Tester',NULL,NULL,NULL)
DELETE FROM TRAINING WHERE ID=1
INSERT INTO TRAINING VALUES(1,59,'E8SUSS57','katharina.hoff@gmail.com',NULL,'http://www.gobics.de/katharina/genome.fna',NULL,'http://www.gobics.de/katharina/genome.fna','762417','4',37,'Tester',NULL,NULL,NULL)
