AA141074
AA141286
AA141642
AA141776
AA141816
AA142245
AA142246
AA201103
AA201146
AA201327
AA201399
AA201404
AA201526
AA201810
AA201924
AA202187
AA202246
AA202350
AA202507
AA202730
AA202835
AA202912
AA203051
AA246270
AA246283
AA246542
AA246625
AA246629
AA246892
AA246979
AA247011
AA263227
AA263242
AA263284
AA263320
AA263329
AA263373
AA263401
AA263968
AA263979
AA263982
AA264143
AA264225
AA264334
AA264339
AA264351
AA264410
AA390288
AA390376
AA390693
AA390829
AA390960
AA391203
AA391625
AA391707
AA391745
AA391844
AA391883
AA392108
AA392146
AA392219
AA392257
AA392380
AA392407
AA392442
AA392459
AA392655
AA433290
AA438374
AA438797
AA438902
AA438999
AA439547
AA439617
AA439653
AA439767
AA439784
AA439908
AA440049
AA440174
AA440195
AA440483
AA440726
AA440985
AA441215
AA441254
AA441630
AA441685
AA536324
AA536576
AA538610
AA538824
AA538950
AA539167
AA539211
AA539749
AA540006
AA540112
AA540865
AA541017
AA541111
AA541185
AA567061
AA567554
AA567589
AA567696
AA567750
AA567770
AA567948
AA567955
AA694790
AA694991
AA695003
AA695096
AA695315
AA695363
AA695459
AA695460
AA695724
AA695805
AA695889
AA695917
AA696347
AA696518
AA696537
AA696543
AA696772
AA696826
AA696891
AA697060
AA697148
AA697213
AA697482
AA697504
AA697570
AA697759
AA698022
AA698032
AA698157
AA698276
AA698374
AA698375
AA698380
AA698404
AA698511
AA698549
AA698674
AA698815
AA698916
AA698926
AA698951
AA698993
AA698995
AA699004
AA735137
AA735218
AA735425
AA735582
AA735635
AA735779
AA735932
AA736082
AA736160
AA801511
AA801535
AA801563
AA801861
AA801957
AA802001
AA802147
AA802181
AA802258
AA802447
AA802534
AA802606
AA802678
AA802777
AA802836
AA802928
AA803224
AA803356
AA803434
AA803467
AA803468
AA803490
AA803494
AA803496
AA803502
AA803528
AA803562
AA803576
AA803769
AA803785
AA803836
AA803896
AA803900
AA803902
AA803909
AA816315
AA816581
AA816685
AA816866
AA816930
AA817115
AA817117
AA817423
AA817482
AA817487
AA817489
AA817491
AA820165
AA820330
AA820343
AA820532
AA820757
AA820778
AA821058
AA821060
AA821214
AA821242
AA938853
AA940603
AA940735
AA940872
AA940952
AA940993
AA941121
AA941197
AA941283
AA941285
AA941288
AA941380
AA941484
AA941885
AA941952
AA942129
AA942177
AA942235
AA942250
AA942331
AA942432
AA942470
AA942490
AA942657
AA948971
AA949006
AA949007
AA949047
AA949049
AA949066
AA949076
AA949193
AA949438
AA949507
AA949553
AA949587
AA949648
AA949667
AA949872
AA950053
AA950087
AA950334
AA950418
AA950486
AA950589
AA950608
AA950631
AA950671
AA950712
AA950919
AA951056
AA951278
AA951332
AA951351
AA951394
AA951407
AA951432
AA951478
AA951488
AA951518
AA951526
AA951530
AA951568
AA951575
AA951697
AA951699
AA951716
AA951747
AA951818
AA951829
AA951857
AA951890
AA951943
AA952075
AA952088
AA952118
AA952141
AA952159
AA952253
AA978415
AA978461
AA978602
AA978643
AA978698
AA978816
AA978878
AA978997
AA979000
AA979025
AA979093
AA979130
AA979238
AA979241
AA979281
AA979322
AA979339
AA979432
AA979455
AA979475
AA979486
AA979510
AA979514
AA990622
AA990623
AA990733
AA990813
AA990857
AA990872
AA990888
AA990903
AI061687
AI061698
AI061709
AI061840
AI062075
AI062169
AI062170
AI062224
AI062529
AI062553
AI062600
AI062649
AI062860
AI062997
AI063151
AI063240
AI063279
AI063303
AI063358
AI063423
AI063466
AI063467
AI063750
AI063768
AI063847
AI063939
AI064007
AI064047
AI064049
AI064123
AI064260
AI064613
AI106592
AI106645
AI106679
AI106752
AI106842
AI106843
AI106958
AI106983
AI107105
AI107178
AI107229
AI107448
AI107544
AI107547
AI107845
AI107868
AI107908
AI107947
AI108241
AI108257
AI108420
AI108628
AI108674
AI109064
AI109095
AI109114
AI109130
AI109270
AI109281
AI109421
AI109546
AI109603
AI109756
AI109860
AI110131
AI113370
AI113377
AI113421
AI113582
AI113585
AI113589
AI113800
AI114095
AI114158
AI114236
AI114261
AI114323
AI114338
AI114375
AI124257
AI124325
AI133864
AI134092
AI134300
AI134490
AI134593
AI134741
AI134789
AI134891
AI135012
AI135147
AI135153
AI135156
AI135412
AI135471
AI135567
AI135628
AI135723
AI135820
AI135997
AI237952
AI238170
AI238218
AI238322
AI238350
AI238499
AI238526
AI238672
AI238741
AI256873
AI256886
AI256905
AI256969
AI257019
AI257051
AI257067
AI257078
AI257113
AI257152
AI257154
AI257250
AI257276
AI257301
AI257341
AI257372
AI257494
AI257621
AI257632
AI257708
AI257746
AI257754
AI257804
AI257885
AI257890
AI257915
AI257938
AI257944
AI258221
AI258222
AI258232
AI258242
AI258355
AI258361
AI258478
AI258486
AI258495
AI258500
AI258598
AI258628
AI258631
AI258718
AI258802
AI258803
AI258836
AI258859
AI258909
AI258917
AI258928
AI258996
AI259011
AI259035
AI259046
AI259049
AI259149
AI259169
AI259172
AI259412
AI259428
AI259446
AI259496
AI259534
AI259539
AI259617
AI259683
AI259732
AI259826
AI259836
AI259877
AI259892
AI259914
AI259917
AI259954
AI259985
AI260000
AI260060
AI260078
AI260079
AI260135
AI260330
AI260359
AI260365
AI260376
AI260392
AI260471
AI260578
AI260600
AI260700
AI260710
AI260712
AI260819
AI260865
AI260900
AI260942
AI260983
AI260984
AI261031
AI261050
AI292634
AI292661
AI292852
AI292929
AI292987
AI293126
AI293254
AI293294
AI293383
AI293403
AI293412
AI293458
AI293497
AI293535
AI293562
AI293595
AI293699
AI293712
AI293735
AI293770
AI293806
AI293808
AI293837
AI293857
AI293979
AI294104
AI294183
AI294204
AI294205
AI294272
AI294316
AI294325
AI294339
AI294356
AI294357
AI294409
AI294455
AI294470
AI294473
AI294503
AI294580
AI294602
AI294633
AI294639
AI294652
AI294712
AI294868
AI294872
AI294891
AI295003
AI295035
AI295053
AI295138
AI295297
AI295434
AI295449
AI295486
AI295506
AI295516
AI295630
AI295667
AI295692
AI295703
AI295753
AI295758
AI295773
AI295797
AI295859
AI295872
AI295921
AI295985
AI296120
AI296131
AI296183
AI296216
AI296244
AI296262
AI296323
AI296357
AI296372
AI296497
AI296593
AI296682
AI296715
AI296765
AI296793
AI296826
AI296846
AI296868
AI296880
AI296884
AI296935
AI296977
AI296986
AI297126
AI297129
AI297154
AI297158
AI297198
AI297262
AI297305
AI297398
AI297424
AI297431
AI297511
AI297660
AI297729
AI297806
AI297887
AI297968
AI297969
AI297976
AI386679
AI386777
AI386790
AI386860
AI386873
AI386963
AI387069
AI387114
AI387185
AI387386
AI387573
AI388016
AI388233
AI388265
AI388292
AI388516
AI388562
AI388601
AI388743
AI388939
AI389156
AI389510
AI389529
AI389804
AI389861
AI389870
AI390018
AI390040
AI401999
AI402022
AI402054
AI402116
AI402139
AI402191
AI402367
AI402682
AI402683
AI403218
AI403316
AI403369
AI403456
AI403494
AI403555
AI403571
AI403628
AI403706
AI403728
AI403971
AI404026
AI404109
AI404212
AI404380
AI404385
AI404389
AI404406
AI404704
AI404719
AI405175
AI405272
AI405352
AI405414
AI405623
AI405693
AI405749
AI405857
AI405864
AI405911
AI405914
AI406076
AI454970
AI455058
AI455145
AI455183
AI455209
AI455448
AI455581
AI455639
AI455753
AI455804
AI455977
AI456112
AI456157
AI456172
AI456274
AI456560
AI456604
AI456656
AI456722
AI456743
AI456893
AI456985
AI457081
AI511665
AI511813
AI511891
AI511968
AI511980
AI512281
AI512481
AI512528
AI512555
AI512904
AI512940
AI512975
AI513042
AI513055
AI513067
AI513094
AI513206
AI513336
AI513527
AI513530
AI513694
AI513853
AI514156
AI514253
AI514254
AI514347
AI514362
AI514437
AI514748
AI514828
AI514963
AI515040
AI515272
AI515332
AI515333
AI515414
AI515503
AI515541
AI515622
AI515665
AI515813
AI515893
AI515946
AI515959
AI516004
AI516215
AI516395
AI516413
AI516499
AI516587
AI516648
AI516659
AI516706
AI516770
AI516911
AI516964
AI517243
AI517305
AI517376
AI517738
AI517748
AI517887
AI517896
AI517996
AI518002
AI518086
AI518160
AI518272
AI518276
AI518284
AI518401
AI518408
AI518837
AI518959
AI518992
AI519217
AI519262
AI519315
AI519387
AI519419
AI519521
AI519741
AI519879
AI519913
AI519958
AI520054
AI520204
AI520214
AI520519
AI520528
AI520530
AI530775
AI530778
AI530856
AI530941
AI531004
AI531044
AI531054
AI531063
AI531102
AI531130
AI531149
AI531197
AI531330
AI531659
AI531814
AI531845
AI531869
AI531892
AI532119
AI532184
AI532222
AI532316
AI532332
AI532400
AI532455
AI532547
AI532561
AI532616
AI532632
AI532728
AI532824
AI532825
AI532841
AI533008
AI533010
AI533011
AI533117
AI533242
AI533246
AI533247
AI533258
AI533262
AI533340
AI533361
AI533436
AI533470
AI533641
AI533712
AI533750
AI533774
AI533799
AI533817
AI533818
AI533943
AI533950
AI534013
AI534139
AI534205
AI534323
AI534358
AI534370
AI534428
AI534554
AI534632
AI534657
AI534692
AI534745
AI534793
AI534814
AI534816
AI534829
AI534862
AI534900
AI534965
AI534981
AI541620
AI541636
AI541812
AI541845
AI542011
AI542044
AI542100
AI542161
AI542172
AI542226
AI542229
AI542285
AI542312
AI542343
AI542418
AI542529
AI542567
AI542606
AI542609
AI542633
AI542721
AI542759
AI542797
AI543020
AI543022
AI543024
AI543063
AI543103
AI543111
AI543182
AI543207
AI543252
AI543286
AI543332
AI543369
AI543388
AI543535
AI543562
AI543699
AI543948
AI544200
AI544242
AI544259
AI544301
AI544319
AI544425
AI544429
AI546088
AI546098
AI546105
AI546269
AI546286
AI546416
AI546699
AI546726
AI944442
AI944752
AI944901
AI945138
AI945446
AI945540
AI945676
AI945939
AI946029
AI946119
AI946406
AI946582
AI946693
AI946737
AI946915
AI947037
AI947172
AI947191
AW940150
AW940206
AW940449
AW940480
AW940528
AW940560
AW940617
AW940642
AW940816
AW940870
AW940895
AW940919
AW941393
AW941448
AW941747
AW941870
AW942006
AW942172
AW942397
AW942445
AW942749
AW942948
AW943152
AW943242
AW943384
AW943543
AW943568
AW943632
AW943656
AW944065
AW944160
AW944165
AW944176
AW944213
AW944449
AW944485
BE662092
BE974990
BE975006
BE975014
BE975171
BE975181
BE975188
BE976520
BE976604
BE976858
BE976960
BE977033
BE977082
BE977085
BE977154
BE977177
BE977197
BE977294
BE977320
BE977619
BE977827
BE977976
BE978071
BE978096
BE978470
BE978509
BE978668
BE978908
BE979033
BF485687
BF485793
BF486033
BF486377
BF486451
BF486452
BF486743
BF486786
BF487494
BF488365
BF488608
BF488609
BF488920
BF488956
BF489035
BF489264
BF489589
BF490383
BF490919
BF490960
BF490980
BF491040
BF491070
BF491199
BF491259
BF491600
BF491737
BF492029
BF492050
BF492177
BF492271
BF493033
BF493034
BF493227
BF493415
BF493416
BF493568
BF493766
BF494015
BF494369
BF494431
BF494844
BF494860
BF495534
BF495825
BF495877
BF495936
BF495960
BF495970
BF495975
BF496054
BF496658
BF496660
BF496901
BF497232
BF497418
BF497848
BF497931
BF497973
BF498182
BF498206
BF498474
BF498907
BF498908
BF498952
BF499034
BF499190
BF499668
BF499907
BF500383
BF500454
BF500513
BF500602
BF500724
BF501161
BF501235
BF501258
BF501998
BF502302
BF502379
BF502957
BF502978
BF503368
BF503382
BF503449
BF503453
BF503577
BF503687
BF503785
BF504066
BF504191
BF504198
BF504258
BF504404
BF504423
BF504712
BF504875
BF506094
BF506173
BF506686
BG632004
BG632088
BG632383
BG632393
BG632705
BG632762
BG633131
BG633313
BG633424
BG633435
BG633538
BG633541
BG633813
BG634248
BG634249
BG634404
BG635459
BG635554
BG635662
BG635696
BG635699
BG635826
BG635884
BG636035
BG636054
BG636144
BG636192
BG636229
BG636260
BG636283
BG636295
BG636384
BG636450
BG636474
BG636482
BG636506
BG636509
BG636557
BG636568
BG636581
BG636588
BG636640
BG636685
BG636713
BG636759
BG636779
BG636930
BG636935
BG636993
BG636999
BG637099
BG637111
BG637174
BG637208
BG637334
BG637522
BG637537
BG637625
BG637860
BG637865
BG637904
BG638082
BG638382
BG638642
BG638732
BG638734
BG638784
BG639041
BG639215
BG639301
BG639304
BG639381
BG639427
BG639707
BG639716
BG639741
BG640041
BG640060
BG640146
BG640194
BG640210
BG640228
BG640296
BG640299
BG640302
BG640304
BG640349
BG640366
BG640477
BG640640
BG640676
BG640699
BG640732
BG640839
BG640883
BG640888
BG640894
BG640943
BG641006
BG641080
BG641153
BG641211
BG641230
BG641242
BG641275
BG641339
BG641370
BG641398
BG641451
BG641455
BI141727
BI141932
BI141936
BI141950
BI141976
BI141985
BI141989
BI142007
BI142054
BI142057
BI142110
BI142158
BI142168
BI142240
BI161566
BI161567
BI161578
BI161579
BI162248
BI162249
BI162688
BI162689
BI162736
BI162737
BI162758
BI162759
BI163375
BI163478
BI163579
BI163599
BI163924
BI164198
BI164223
BI164427
BI164558
BI164971
BI165227
BI165338
BI165487
BI165834
BI166187
BI166258
BI166287
BI166420
BI166670
BI166684
BI167005
BI167204
BI167221
BI167303
BI167333
BI167658
BI167726
BI168194
BI168195
BI168202
BI168218
BI168328
BI168477
BI168502
BI168518
BI168942
BI169380
BI169900
BI170074
BI170204
BI170288
BI170325
BI170533
BI170601
BI170635
BI170774
BI171399
BI171701
BI171879
BI171902
BI171950
BI172004
BI172235
BI172246
BI172331
BI172353
BI172355
BI172368
BI172540
BI172559
BI172988
BI173131
BI173180
BI173470
BI173533
BI173549
BI173638
BI173659
BI173765
BI173825
BI173968
BI212137
BI212280
BI212295
BI212318
BI212504
BI212557
BI212566
BI212571
BI212623
BI212932
BI213078
BI213384
BI213390
BI213405
BI213583
BI213589
BI213600
BI213729
BI213733
BI213970
BI214041
BI214428
BI214614
BI214773
BI214793
BI214841
BI214955
BI215170
BI215270
BI215395
BI215649
BI215679
BI215921
BI215954
BI215982
BI216029
BI216368
BI216435
BI216872
BI227618
BI227696
BI227700
BI227705
BI227835
BI227844
BI228024
BI228118
BI228123
BI228170
BI228269
BI228300
BI228413
BI228422
BI228476
BI228562
BI228606
BI228648
BI228752
BI228822
BI228854
BI228921
BI229030
BI229080
BI229277
BI229309
BI229316
BI229716
BI229760
BI229934
BI229989
BI230114
BI230405
BI230517
BI230569
BI230835
BI230875
BI231039
BI231321
BI231330
BI231356
BI231721
BI231849
BI231895
BI231906
BI231929
BI232125
BI232205
BI232210
BI232369
BI232509
BI233037
BI234153
BI234191
BI234212
BI234225
BI234314
BI234382
BI234384
BI234506
BI234571
BI234578
BI234581
BI234654
BI234674
BI234912
BI234936
BI235135
BI235244
BI235249
BI235346
BI235350
BI235352
BI235494
BI235510
BI235514
BI235545
BI235548
BI235554
BI235614
BI235655
BI235702
BI235712
BI235739
BI235832
BI235845
BI235937
BI235969
BI236089
BI236090
BI236142
BI236193
BI236247
BI236314
BI236364
BI236394
BI236468
BI236599
BI236641
BI236651
BI236667
BI236700
BI236930
BI237023
BI237199
BI237308
BI237534
BI237756
BI237981
BI237985
BI238000
BI238019
BI238069
BI238131
BI238210
BI238217
BI238302
BI238519
BI238521
BI238543
BI238579
BI238683
BI238702
BI238707
BI238774
BI238873
BI239269
BI239300
BI239319
BI239406
BI239423
BI239434
BI239438
BI239477
BI239547
BI239564
BI239605
BI239607
BI239662
BI239789
BI239836
BI239861
BI239905
BI239935
BI240005
BI240015
BI240116
BI240235
BI240255
BI240261
BI240321
BI240322
BI240340
BI240379
BI240436
BI240501
BI240548
BI240598
BI240723
BI240829
BI240841
BI240911
BI240951
BI240990
BI241008
BI241331
BI241549
BI241657
BI241879
BI242006
BI242253
BI242318
BI242323
BI242642
BI242704
BI242796
BI242849
BI242862
BI242918
BI242973
BI243043
BI243098
BI243181
BI243204
BI243308
BI243404
BI243519
BI243640
BI243704
BI243843
BI243866
BI351670
BI351832
BI351903
BI351925
BI352288
BI352398
BI352627
BI352800
BI352801
BI352864
BI352872
BI352960
BI353037
BI353048
BI353688
BI353977
BI354230
BI354232
BI354245
BI354327
BI354541
BI354632
BI354640
BI354993
BI355066
BI355130
BI355170
BI355367
BI355829
BI355831
BI355949
BI356217
BI356220
BI356227
BI356317
BI356525
BI356643
BI356690
BI356705
BI356862
BI357289
BI357367
BI357474
BI357500
BI357738
BI357807
BI357922
BI357924
BI357930
BI357994
BI358023
BI358067
BI358117
BI358301
BI358373
BI358505
BI358579
BI358672
BI358675
BI358733
BI361351
BI361536
BI361600
BI361636
BI361646
BI361692
BI361717
BI361722
BI361756
BI361859
BI361966
BI362041
BI362068
BI362243
BI362329
BI362388
BI362452
BI362602
BI362642
BI362687
BI362695
BI362710
BI362854
BI362872
BI362922
BI362931
BI363114
BI363142
BI363614
BI363639
BI363667
BI363700
BI363811
BI363849
BI363883
BI364316
BI364322
BI364455
BI364551
BI364624
BI364630
BI364820
BI364830
BI365038
BI365081
BI365188
BI365207
BI365228
BI365278
BI365401
BI365769
BI365902
BI365907
BI366001
BI366309
BI366310
BI366492
BI366590
BI366727
BI366868
BI366888
BI366950
BI367176
BI367303
BI367349
BI367358
BI367409
BI367412
BI367641
BI367705
BI367721
BI367834
BI367917
BI367943
BI368129
BI368256
BI368369
BI368678
BI368840
BI368896
BI368974
BI368991
BI369169
BI369223
BI369226
BI369246
BI369266
BI369435
BI369488
BI369606
BI369825
BI369877
BI370044
BI370225
BI370639
BI370671
BI370687
BI370844
BI370939
BI371385
BI371388
BI371390
BI371443
BI371464
BI371651
BI371663
BI371665
BI372012
BI372020
BI372043
BI372083
BI372085
BI372246
BI372317
BI372373
BI372554
BI372683
BI372909
BI372951
BI372993
BI373074
BI373107
BI373122
BI373145
BI373220
BI373245
BI373252
BI373754
BI374021
BI374036
BI374162
BI374179
BI374230
BI374288
BI374293
BI374458
BI374497
BI374529
BI374545
BI374653
BI374788
BI375053
BI375666
BI375678
BI375700
BI375704
BI375799
BI375800
BI375917
BI375977
BI376130
BI376159
BI481672
BI481884
BI481903
BI482156
BI482297
BI482456
BI482573
BI482693
BI483046
BI483234
BI483247
BI483279
BI483553
BI483737
BI483846
BI483873
BI484050
BI484071
BI484148
BI484278
BI484330
BI484395
BI484424
BI484444
BI484466
BI484613
BI484654
BI484813
BI484816
BI485113
BI485121
BI485284
BI485318
BI485358
BI485369
BI485554
BI485781
BI485831
BI485926
BI485942
BI486106
BI486167
BI486187
BI486227
BI486276
BI486371
BI486378
BI486452
BI486503
BI486653
BI486828
BI486834
BI486868
BI486886
BI486933
BI563348
BI563391
BI563393
BI563403
BI563421
BI563511
BI563513
BI563550
BI563553
BI563563
BI563675
BI563701
BI563752
BI563761
BI563805
BI563886
BI563914
BI563925
BI563945
BI563961
BI564018
BI564030
BI564064
BI564075
BI564144
BI564155
BI564324
BI564430
BI564522
BI564556
BI564569
BI564629
BI564694
BI564783
BI564799
BI564803
BI564877
BI564929
BI565059
BI565204
BI565266
BI565290
BI565304
BI565334
BI565386
BI565390
BI565405
BI565465
BI565476
BI565529
BI565531
BI565582
BI565615
BI565716
BI565747
BI565762
BI565772
BI565815
BI565948
BI566034
BI566199
BI566218
BI566410
BI566497
BI566502
BI566514
BI566677
BI566738
BI566755
BI566839
BI566991
BI567154
BI567226
BI567283
BI567318
BI567319
BI567329
BI567330
BI567439
BI567604
BI567629
BI567653
BI567678
BI567709
BI567712
BI567802
BI567845
BI567923
BI567935
BI567941
BI567956
BI567958
BI567968
BI568028
BI568094
BI568104
BI568120
BI568129
BI568191
BI568199
BI568323
BI568457
BI568487
BI568588
BI568596
BI568732
BI568810
BI568811
BI569293
BI569294
BI569738
BI569927
BI569979
BI570230
BI570252
BI570333
BI570431
BI570458
BI570476
BI570494
BI570517
BI570607
BI570679
BI570755
BI570803
BI570935
BI571107
BI571124
BI571426
BI571432
BI571465
BI571576
BI571642
BI571726
BI571744
BI571770
BI571780
BI571805
BI571836
BI571882
BI572227
BI572275
BI572352
BI572375
BI572417
BI572452
BI572471
BI572491
BI572567
BI572625
BI572660
BI572678
BI572736
BI572748
BI572793
BI572813
BI572995
BI573006
BI573046
BI573063
BI573638
BI573743
BI573744
BI573994
BI573995
BI574173
BI574175
BI574282
BI574298
BI574355
BI574382
BI574396
BI574467
BI574474
BI574494
BI574512
BI574527
BI574758
BI574817
BI574818
BI574855
BI574946
BI574994
BI575041
BI575046
BI575054
BI575164
BI575175
BI575202
BI575336
BI575447
BI575489
BI575529
BI575859
BI575926
BI575960
BI575972
BI575976
BI575984
BI576036
BI576059
BI576070
BI576121
BI576186
BI576240
BI576254
BI576274
BI576282
BI576288
BI576311
BI576339
BI576360
BI576398
BI576460
BI576502
BI576513
BI576534
BI576538
BI576555
BI576577
BI576627
BI576732
BI576733
BI576750
BI576979
BI577006
BI577019
BI577349
BI577510
BI577584
BI577627
BI577668
BI577720
BI577760
BI577770
BI578231
BI578241
BI578312
BI578387
BI578611
BI578671
BI578676
BI578905
BI578939
BI578982
BI579077
BI579106
BI579309
BI579459
BI579480
BI579539
BI579615
BI579729
BI579762
BI579776
BI579797
BI579810
BI580021
BI580033
BI580095
BI580153
BI580191
BI580305
BI580339
BI580386
BI580462
BI580529
BI580530
BI580534
BI580545
BI581027
BI581028
BI581056
BI581057
BI581175
BI581186
BI581326
BI581347
BI581447
BI581457
BI581461
BI581465
BI581473
BI581499
BI581586
BI581624
BI581670
BI581730
BI581756
BI581873
BI581891
BI581926
BI581940
BI582004
BI582020
BI582038
BI582079
BI582084
BI582093
BI582095
BI582141
BI582154
BI582169
BI582200
BI582287
BI582294
BI582311
BI582463
BI582503
BI582545
BI582554
BI582601
BI582663
BI582665
BI582667
BI582698
BI582702
BI582740
BI582827
BI582885
BI582921
BI582938
BI582951
BI582994
BI583046
BI583058
BI583125
BI583184
BI583255
BI583300
BI583474
BI583484
BI583497
BI583543
BI583574
BI583598
BI583600
BI583614
BI583620
BI583631
BI583780
BI583791
BI583855
BI583865
BI583887
BI583917
BI583923
BI583962
BI583976
BI583994
BI584056
BI584110
BI584114
BI584143
BI584629
BI584693
BI584726
BI584824
BI584946
BI584993
BI585160
BI585163
BI585273
BI585445
BI585597
BI585644
BI585663
BI585673
BI585683
BI585758
BI585886
BI585902
BI586025
BI586087
BI586154
BI586203
BI586261
BI586324
BI586366
BI586371
BI586451
BI586454
BI586551
BI586556
BI586606
BI586649
BI586682
BI586798
BI586816
BI586989
BI587005
BI587038
BI587082
BI587117
BI587212
BI587225
BI587256
BI587418
BI587425
BI587457
BI587475
BI587520
BI587682
BI587739
BI587937
BI587942
BI588009
BI588049
BI588093
BI588114
BI588126
BI588144
BI588162
BI588166
BI588169
BI588178
BI588236
BI588244
BI588289
BI588290
BI588292
BI588302
BI588413
BI588416
BI588419
BI588474
BI588549
BI588701
BI588803
BI588808
BI588871
BI588892
BI589082
BI589161
BI589254
BI589269
BI589297
BI589329
BI589337
BI589385
BI589412
BI589421
BI589444
BI589448
BI589577
BI589615
BI589645
BI589758
BI589848
BI590035
BI590149
BI590217
BI590640
BI590664
BI590690
BI590699
BI590854
BI590855
BI590993
BI591118
BI591148
BI591178
BI591194
BI591226
BI591240
BI591275
BI591350
BI591358
BI591543
BI591568
BI591569
BI591619
BI591672
BI591728
BI591736
BI591757
BI591792
BI591810
BI591816
BI591837
BI591850
BI591921
BI591922
BI592014
BI592022
BI592061
BI592086
BI592135
BI592138
BI592157
BI592177
BI592216
BI592234
BI592239
BI592249
BI592251
BI592256
BI592312
BI592316
BI592343
BI592366
BI592404
BI592445
BI592455
BI592483
BI592485
BI592509
BI592596
BI592614
BI592635
BI592666
BI592689
BI592693
BI592707
BI592720
BI592724
BI592725
BI592733
BI592740
BI592745
BI592812
BI592813
BI592912
BI592913
BI592952
BI592972
BI592988
BI593002
BI593026
BI593077
BI593094
BI593097
BI593158
BI593205
BI593228
BI593285
BI593289
BI593303
BI593325
BI593466
BI604363
BI604434
BI604454
BI604475
BI604495
BI604557
BI604617
BI604665
BI604875
BI604884
BI604897
BI604913
BI605067
BI605111
BI605117
BI605252
BI605328
BI605341
BI605344
BI605352
BI605371
BI605394
BI605421
BI605426
BI605435
BI605475
BI605478
BI605507
BI605526
BI605561
BI605577
BI605596
BI605619
BI605620
BI605691
BI605702
BI605751
BI605753
BI605760
BI605775
BI605847
BI605879
BI605890
BI605894
BI605916
BI605918
BI605928
BI605945
BI605948
BI605949
BI605957
BI605962
BI605993
BI606020
BI606039
BI606047
BI606144
BI606147
BI606160
BI606170
BI606176
BI606194
BI606209
BI606220
BI606240
BI606252
BI606326
BI606375
BI606399
BI606400
BI606457
BI606470
BI606506
BI606514
BI606521
BI606531
BI606551
BI606579
BI606599
BI606627
BI606633
BI606770
BI606786
BI606798
BI606830
BI606844
BI606926
BI606969
BI606970
BI606983
BI607013
BI607122
BI607132
BI607202
BI607239
BI607285
BI607286
BI607307
BI607346
BI607480
BI607583
BI607591
BI607647
BI607664
BI607861
BI607898
BI607901
BI607923
BI607925
BI607929
BI608102
BI608185
BI608206
BI608261
BI608297
BI608376
BI608472
BI608498
BI608525
BI608576
BI608618
BI608915
BI608950
BI608974
BI608983
BI609229
BI609264
BI609266
BI609414
BI609576
BI609645
BI609760
BI609788
BI609850
BI609887
BI609920
BI609926
BI610115
BI610129
BI610632
BI610645
BI610653
BI610666
BI610710
BI610810
BI610845
BI610872
BI610873
BI610874
BI610878
BI610881
BI610947
BI611064
BI611074
BI611091
BI611094
BI611101
BI611110
BI611118
BI611121
BI611166
BI611232
BI611272
BI611315
BI611320
BI611323
BI611697
BI611765
BI611769
BI611799
BI611810
BI611811
BI611818
BI612093
BI612168
BI612202
BI612228
BI612297
BI612299
BI612326
BI612351
BI612460
BI612461
BI612547
BI612587
BI612673
BI612711
BI612724
BI612740
BI612823
BI612901
BI612915
BI613154
BI613179
BI613180
BI613276
BI613298
BI613386
BI613413
BI613430
BI613464
BI613465
BI613476
BI613484
BI613627
BI613709
BI613742
BI613747
BI613752
BI613795
BI613864
BI613936
BI613967
BI613983
BI613989
BI614007
BI614036
BI614088
BI614091
BI614112
BI614124
BI614133
BI614188
BI614221
BI614229
BI614231
BI614237
BI614253
BI614261
BI614317
BI614329
BI614356
BI614359
BI614402
BI614425
BI614436
BI614459
BI614482
BI614545
BI614582
BI614610
BI614646
BI614650
BI614676
BI614797
BI614920
BI614954
BI614980
BI615094
BI615281
BI615317
BI615345
BI615393
BI615454
BI615459
BI615584
BI615680
BI615827
BI615851
BI615894
BI615971
BI615982
BI616386
BI616441
BI616442
BI616464
BI616526
BI616554
BI616570
BI616584
BI616600
BI616627
BI616642
BI616790
BI616885
BI616910
BI617033
BI617096
BI617243
BI617387
BI617402
BI617404
BI617480
BI617573
BI617583
BI617674
BI617713
BI617812
BI617872
BI617966
BI617972
BI617978
BI618005
BI618026
BI618086
BI618127
BI618160
BI618189
BI618243
BI618285
BI618309
BI618319
BI618364
BI618390
BI618414
BI618467
BI618485
BI618500
BI618512
BI618513
BI618520
BI618543
BI618552
BI618601
BI618626
BI618644
BI618750
BI618895
BI618908
BI618910
BI618926
BI618928
BI618941
BI618942
BI618952
BI618986
BI619012
BI619099
BI619117
BI619171
BI619196
BI619212
BI619224
BI619247
BI619253
BI619267
BI619286
BI619299
BI619302
BI619352
BI619363
BI619365
BI619406
BI619409
BI619427
BI619464
BI619475
BI619481
BI619510
BI619524
BI619564
BI619565
BI619587
BI619607
BI619648
BI619661
BI619677
BI619704
BI619719
BI619736
BI619788
BI619789
BI619823
BI619830
BI619867
BI619892
BI619929
BI619967
BI620004
BI620026
BI620032
BI620045
BI620057
BI620170
BI620177
BI620211
BI620254
BI620280
BI620288
BI620370
BI620385
BI620386
BI620390
BI620427
BI620441
BI620469
BI620500
BI620625
BI620647
BI620808
BI620888
BI620932
BI620951
BI620988
BI620999
BI621000
BI621024
BI621047
BI621059
BI621141
BI621155
BI621158
BI621187
BI621288
BI621350
BI621394
BI621395
BI621447
BI621513
BI621521
BI621557
BI621583
BI621622
BI621655
BI621660
BI621727
BI621783
BI621866
BI621923
BI621946
BI621994
BI622200
BI622238
BI622251
BI622263
BI622280
BI622293
BI622298
BI622327
BI622329
BI622389
BI622492
BI622529
BI622545
BI622604
BI622609
BI622624
BI622628
BI622641
BI622652
BI622670
BI622695
BI622705
BI622716
BI622718
BI622719
BI622784
BI622863
BI622900
BI622903
BI622917
BI622966
BI622990
BI622997
BI623066
BI623078
BI623086
BI623118
BI623129
BI623142
BI623174
BI623252
BI623253
BI623264
BI623286
BI623296
BI623298
BI623398
BI623439
BI623525
BI623557
BI623704
BI623769
BI623793
BI623818
BI623859
BI623878
BI623939
BI623971
BI623999
BI624171
BI624179
BI624245
BI624367
BI624418
BI624460
BI624473
BI624495
BI624505
BI624544
BI624569
BI624585
BI624617
BI624632
BI624664
BI624685
BI624808
BI624825
BI624878
BI624894
BI624962
BI624987
BI625005
BI625031
BI625056
BI625059
BI625068
BI625069
BI625117
BI625154
BI625155
BI625156
BI625171
BI625275
BI625320
BI625375
BI625502
BI625591
BI625622
BI625645
BI625649
BI625658
BI625705
BI625725
BI625743
BI625748
BI625778
BI625799
BI625803
BI625846
BI625884
BI625983
BI626176
BI626185
BI626217
BI626245
BI626271
BI626276
BI626389
BI626390
BI626397
BI626771
BI626826
BI626828
BI626892
BI626998
BI627021
BI627031
BI627056
BI627121
BI627124
BI627318
BI627422
BI627528
BI627611
BI627614
BI627711
BI627738
BI627777
BI627799
BI627847
BI627910
BI627926
BI627940
BI628226
BI628229
BI628238
BI628276
BI628348
BI628451
BI628462
BI628487
BI628503
BI628635
BI628675
BI628678
BI628737
BI628800
BI628828
BI628832
BI628841
BI628958
BI628962
BI628975
BI629008
BI629009
BI629104
BI629192
BI629214
BI629302
BI629325
BI629399
BI629400
BI629551
BI629620
BI629656
BI629681
BI629735
BI629828
BI629830
BI629833
BI629837
BI629839
BI629870
BI629886
BI629888
BI629889
BI629906
BI629908
BI629931
BI629966
BI629996
BI630011
BI630046
BI630077
BI630104
BI630144
BI630177
BI630241
BI630308
BI630341
BI630441
BI630473
BI630527
BI630569
BI630604
BI630638
BI630669
BI630730
BI630754
BI630757
BI630772
BI630994
BI631016
BI631021
BI631033
BI631036
BI631112
BI631245
BI631258
BI631265
BI631293
BI631324
BI631415
BI631503
BI631597
BI631616
BI631716
BI631752
BI631756
BI631769
BI631821
BI631887
BI631935
BI631941
BI631978
BI632319
BI632344
BI632447
BI632496
BI632506
BI632512
BI632565
BI632604
BI632665
BI632689
BI632699
BI632959
BI633132
BI633251
BI633260
BI633372
BI633583
BI633586
BI633652
BI633667
BI633770
BI633942
BI634003
BI634005
BI634040
BI634054
BI634124
BI634193
BI634234
BI634352
BI634359
BI634417
BI634423
BI634428
BI634442
BI634513
BI634526
BI634560
BI634598
BI634622
BI634642
BI634675
BI634719
BI634726
BI634771
BI634813
BI634849
BI634856
BI634911
BI634929
BI635020
BI635122
BI635148
BI635310
BI635313
BI635467
BI635484
BI635511
BI635657
BI635980
BI636024
BI636281
BI636441
BI636508
BI636520
BI636568
BI636583
BI636635
BI636675
BI636852
BI636922
BI637100
BI637120
BI637189
BI637369
BI637652
BI637690
BI637702
BI637741
BI637783
BI638080
BI638125
BI638144
BI638201
BI638338
BI638444
BI638581
BI638672
BI638765
BI638769
BI639011
BI639099
BI639144
BI639280
BI639326
BI639358
BI639471
BI639584
BI639614
BI639653
BI639765
BI640014
BI640084
BI640085
BI640205
BI640266
BI640272
BI640364
BI640389
BI640411
BI640426
BI640531
BI640555
BI640571
BI640700
BI640755
BI640872
BI640943
BI640949
BI641079
BI641083
BI641126
BI641241
BI641513
BI641717
BI641803
BI641859
BP540984
BP541005
BP541050
BP541299
BP541326
BP542099
BP542566
BP542885
BP542886
BP544409
BP544410
BP545182
BP545183
BP545861
BP546023
BP546422
BP546440
BP547393
BP547710
BP547787
BP547988
BP548423
BP548686
BP548718
BP549011
BP549012
BP549067
BP549068
BP549145
BP549146
BP549470
BP549471
BP549711
BP549712
BP549754
BP549755
BP549777
BP549778
BP549811
BP549899
BP549900
BP550229
BP550230
BP550299
BP550300
BP551060
BP551061
BP551062
BP551063
BP551169
BP551170
BP551191
BP551192
BP551295
BP551296
BP551467
BP551711
BP551712
BP551968
BP551969
BP552035
BP552036
BP552088
BP552397
BP552398
BP552448
BP552449
BP552480
BP552481
BP552551
BP552725
BP552726
BP552967
BP552968
BP553189
BP553190
BP553348
BP553640
BP553684
BP553844
BP553853
BP553854
BP553855
BP553918
BP553919
BP553998
BP553999
BP554348
BP554349
BP554432
BP554433
BP554508
BP554509
BP554626
BP554627
BP554701
BP554702
BP554819
BP554820
BP555351
BP555352
BP555406
BP555407
BP555624
BP555625
BP555661
BP555662
BP555937
BP555938
BP556237
BP556555
BP556556
BP556588
BP556589
BP557686
BP557687
BP557945
BP557946
BP557947
BP558267
BP558268
BP558349
BP558350
BP558477
BP558478
BP558557
BP559016
BP559017
BP559236
BP559326
BP559327
BP559435
BP559468
BP559469
BP559585
BP559586
BP559910
BP559911
BP560029
BP560030
BP560251
BP560252
BP560341
BQ102734
BQ102886
BQ102989
BQ103077
BQ103255
BQ103274
BQ103353
BQ103396
BQ103503
BQ103553
BQ103590
BQ103621
CA803235
CA803242
CA803479
CA803487
CA803841
CA803954
CA804646
CA804791
CA804858
CA805058
CA805162
CA805501
CA805527
CA805531
CA805537
CA805549
CA805581
CA805877
CA805953
CA806489
CA806576
CA806613
CA806755
CA806773
CA806834
CA806901
CA806945
CA807014
CA807172
CA807365
CA807503
CA807772
CA807823
CB305253
CB305312
CK130489
CK130490
CK130672
CK130747
CK130830
CK130973
CK130991
CK130992
CK131066
CK131147
CK131158
CK131471
CK131547
CK131555
CK131557
CK131692
CK131762
CK131787
CK131812
CK131828
CK131847
CK131863
CK131886
CK131943
CK131958
CK131995
CK131996
CK132017
CK132051
CK132052
CK132057
CK132177
CK132270
CK132313
CK132324
CK132345
CK132488
CK132495
CK132782
CK132976
CK133027
CK133049
CK133149
CK133265
CK133493
CK133513
CK133701
CK133726
CK133773
CK133849
CK133883
CK133920
CK134048
CK134185
CK134227
CK134275
CK134303
CK134503
CK134529
CK134582
CK134599
CK134673
CK134674
CK134677
CK134697
CK134698
CK134718
CK134842
CK134891
CK135036
CK135385
CK135523
CK135650
CK135661
CK135689
CK135739
CK135760
CK135765
CK136034
CK136106
CK445252
CK445270
CK604503
CK604817
CK604818
CK605093
CK605094
CK605501
CK605502
CK656952
CK657024
CK657030
CK657082
CK657132
CK657160
CK657202
CK657211
CK657245
CK657317
CK657340
CK657345
CK657453
CK657455
CK657459
CK657485
CK657526
CK657566
CK657608
CK657725
CK657784
CK657786
CK657857
CK657920
CK657964
CK658140
CK658217
CK658256
CK658263
CK658270
CK658292
CK658462
CK658498
CK658587
CK658607
CK658644
CK658733
CK658759
CK658931
CK659027
CK659081
CK659232
CK659255
CK659334
CK659335
CK659362
CK659436
CK659457
CK659498
CK659571
CK659573
CK659592
CK659602
CK659640
CK659662
CK659696
CK659710
CK659734
CK659769
CK659783
CK659874
CK659920
CK659934
CK659952
CK659953
CK660103
CK660173
CK660363
CK660372
CK660374
CK660398
CK660478
CK660579
CK660634
CK660646
CK660704
CK660877
CK660957
CK661023
CK661074
CK661091
CK661124
CK661141
CK661314
CK661390
CK661418
CK661507
CK661545
CK661573
CK661608
CK661694
CK661732
CK661771
CK661797
CK661897
CK662015
CK662016
CK662141
CK662166
CK662253
CK662273
CK662342
CK662370
CK662408
CK662471
CK662487
CK662495
CO152685
CO152875
CO153247
CO153703
CO154033
CO154062
CO154077
CO154189
CO154228
CO154276
CO154280
CO154662
CO154884
CO154933
CO155153
CO155277
CO155373
CO155527
CO155569
CO155624
CO156054
CO156343
CO156914
CO176895
CO176913
CO177083
CO177120
CO177317
CO177422
CO177553
CO177658
CO177770
CO177781
CO177800
CO177824
CO177834
CO177939
CO177988
CO178121
CO178255
CO178409
CO178491
CO178494
CO178744
CO178784
CO178833
CO178881
CO179100
CO179351
CO179404
CO179463
CO179496
CO179620
CO179742
CO179754
CO179778
CO179798
CO179822
CO180147
CO180279
CO180421
CO180592
CO180635
CO180640
CO180676
CO180677
CO180999
CO181008
CO181028
CO181162
CO181535
CO181539
CO181915
CO182007
CO182493
CO182699
CO182851
CO182924
CO182990
CO183157
CO183303
CO183379
CO183476
CO183510
CO183530
CO183735
CO183903
CO184108
CO184132
CO184148
CO184300
CO184324
CO184344
CO184404
CO184488
CO184492
CO184509
CO184612
CO184624
CO184675
CO184774
CO184868
CO185002
CO185070
CO185160
CO185238
CO185279
CO185474
CO185497
CO185666
CO185704
CO185723
CO186119
CO186203
CO186210
CO186294
CO186662
CO186763
CO186958
CO187159
CO187365
CO187518
CO187616
CO187788
CO187795
CO188034
CO188225
CO188296
CO188371
CO188460
CO188480
CO188611
CO188724
CO188909
CO189044
CO189105
CO189206
CO189258
CO189307
CO189366
CO189385
CO189404
CO189906
CO190371
CO190378
CO190423
CO190836
CO190863
CO190933
CO190939
CO190993
CO191114
CO191119
CO191286
CO191312
CO191320
CO191329
CO191645
CO191671
CO191675
CO191752
CO191781
CO191783
CO191899
CO191972
CO191993
CO192006
CO192152
CO192175
CO192179
CO192230
CO192265
CO192286
CO192308
CO192322
CO192551
CO192759
CO192875
CO192967
CO193092
CO193107
CO193200
CO193213
CO193265
CO193344
CO193720
CO193988
CO194356
CO194397
CO194417
CO194426
CO194444
CO194473
CO194492
CO194574
CO194615
CO194668
CO194674
CO194762
CO194828
CO194982
CO195034
CO195040
CO195595
CO195676
CO195867
CO196078
CO196372
CO196394
CO196413
CO196566
CO196651
CO262137
CO262150
CO262471
CO262571
CO262858
CO263000
CO263049
CO263338
CO263390
CO263547
CO263700
CO263776
CO263813
CO263872
CO263905
CO264025
CO264291
CO264329
CO264462
CO264485
CO264619
CO264641
CO264673
CO264747
CO264780
CO264946
CO264980
CO265241
CO265286
CO265861
CO265881
CO265931
CO266306
CO266363
CO266466
CO266489
CO266524
CO266715
CO266910
CO267103
CO267137
CO267339
CO267373
CO267383
CO267572
CO267632
CO268063
CO268064
CO268074
CO268076
CO268093
CO268562
CO268687
CO268701
CO268920
CO268985
CO269179
CO269180
CO269395
CO269405
CO269549
CO269593
CO269594
CO269636
CO269750
CO270055
CO270138
CO270139
CO270288
CO270596
CO270673
CO271097
CO271152
CO271308
CO271322
CO271546
CO271549
CO271699
CO271964
CO272137
CO272138
CO272281
CO272286
CO272470
CO272636
CO272643
CO272776
CO272828
CO273069
CO273210
CO273595
CO273811
CO273916
CO273921
CO273942
CO274239
CO274286
CO274328
CO274378
CO274401
CO274407
CO274544
CO274611
CO274647
CO274708
CO274837
CO274941
CO275002
CO275262
CO275811
CO275872
CO275996
CO276103
CO276187
CO276195
CO276291
CO276328
CO276398
CO276493
CO277363
CO277595
CO277607
CO277714
CO277861
CO277934
CO278174
CO278408
CO278443
CO278522
CO278544
CO278605
CO278671
CO278675
CO278930
CO278986
CO279007
CO279179
CO279218
CO279231
CO279351
CO279560
CO279959
CO279960
CO280476
CO280721
CO280736
CO280876
CO280983
CO281042
CO281107
CO281439
CO281618
CO281630
CO281838
CO281993
CO282232
CO282261
CO282356
CO282386
CO282460
CO282509
CO282518
CO282701
CO282889
CO283114
CO283134
CO283808
CO283830
CO284004
CO284005
CO284017
CO284121
CO284292
CO284429
CO284518
CO284557
CO284626
CO284736
CO284842
CO284855
CO284868
CO284982
CO284987
CO285127
CO285178
CO285301
CO285315
CO285346
CO285370
CO285618
CO285741
CO285827
CO285924
CO286089
CO286125
CO286230
CO286243
CO286250
CO286543
CO286751
CO286969
CO287015
CO287091
CO287222
CO287532
CO287552
CO287943
CO288066
CO288121
CO288236
CO288367
CO288381
CO288486
CO288543
CO288557
CO288573
CO288619
CO288752
CO288767
CO288781
CO288846
CO288850
CO289092
CO289267
CO289393
CO289517
CO289602
CO289605
CO289748
CO289782
CO290269
CO290275
CO290399
CO290708
CO291131
CO291207
CO291216
CO291230
CO291469
CO291475
CO291570
CO291998
CO292055
CO292199
CO292619
CO292652
CO292668
CO292763
CO293105
CO293124
CO293330
CO293425
CO293657
CO293728
CO293997
CO294005
CO294049
CO294089
CO294319
CO294366
CO294547
CO294559
CO294681
CO294727
CO294859
CO294864
CO294984
CO295079
CO295139
CO295411
CO295446
CO295583
CO295657
CO295816
CO295857
CO296169
CO296183
CO296506
CO296732
CO296954
CO297204
CO297322
CO297399
CO297679
CO298040
CO298192
CO298233
CO298274
CO298323
CO298435
CO298641
CO298665
CO298697
CO298738
CO298898
CO299120
CO299288
CO299301
CO299428
CO299670
CO299736
CO299756
CO299814
CO299897
CO300012
CO300321
CO300569
CO300837
CO301215
CO301262
CO301289
CO301311
CO301335
CO301434
CO301508
CO301541
CO301634
CO301653
CO302206
CO302216
CO302271
CO302485
CO302540
CO302656
CO302808
CO303182
CO303192
CO303228
CO303302
CO303555
CO303793
CO303794
CO303818
CO303958
CO304062
CO304203
CO304600
CO304623
CO304674
CO305035
CO305101
CO305109
CO305160
CO305180
CO305400
CO305492
CO305737
CO305762
CO305847
CO305948
CO305959
CO306109
CO306200
CO306286
CO306323
CO306350
CO306426
CO306916
CO307082
CO307173
CO307276
CO307298
CO307343
CO307514
CO308158
CO308591
CO308600
CO308945
CO308969
CO309672
CO309903
CO309921
CO309951
CO310119
CO310410
CO310413
CO310470
CO310621
CO310793
CO310820
CO310854
CO310859
CO310871
CO310878
CO310929
CO310975
CO311010
CO311082
CO311422
CO311679
CO311729
CO311779
CO311859
CO312085
CO312173
CO312256
CO312357
CO312674
CO312722
CO312902
CO313220
CO313338
CO313378
CO313594
CO313681
CO313785
CO313793
CO313861
CO313971
CO314236
CO314299
CO314347
CO314417
CO314439
CO314850
CO314979
CO315001
CO315037
CO315123
CO315186
CO315302
CO315311
CO315355
CO315621
CO315775
CO315881
CO315924
CO315986
CO316204
CO316240
CO316244
CO316258
CO316323
CO316347
CO316355
CO316492
CO316573
CO316649
CO316759
CO316993
CO317247
CO317310
CO317406
CO317700
CO317759
CO317988
CO318036
CO318046
CO318115
CO318317
CO318369
CO318715
CO318972
CO319045
CO319069
CO319167
CO319176
CO319220
CO319272
CO319535
CO319586
CO319722
CO319823
CO319919
CO319930
CO320020
CO320134
CO320139
CO320201
CO320533
CO320716
CO320789
CO320805
CO321001
CO321041
CO321384
CO321623
CO321737
CO321777
CO322129
CO322201
CO322360
CO322554
CO322717
CO323002
CO323023
CO323067
CO323075
CO323151
CO323220
CO323345
CO323512
CO323563
CO323685
CO323898
CO323923
CO324009
CO324021
CO324232
CO324324
CO324375
CO324385
CO324543
CO324599
CO324770
CO325302
CO325352
CO325409
CO325433
CO325620
CO325623
CO325685
CO325773
CO326217
CO326669
CO326809
CO326841
CO327088
CO327238
CO327593
CO327655
CO327928
CO328016
CO328175
CO328765
CO328934
CO329114
CO329231
CO329281
CO329286
CO329295
CO329316
CO329319
CO329477
CO329481
CO329505
CO329539
CO329675
CO329684
CO329782
CO329847
CO329862
CO329870
CO330001
CO330040
CO330180
CO330238
CO330473
CO330540
CO330800
CO330804
CO330833
CO330978
CO331599
CO331651
CO331753
CO331755
CO331768
CO331860
CO331884
CO331937
CO332079
CO332285
CO332371
CO332444
CO332618
CO332690
CO332823
CO332983
CO333033
CO333531
CO333690
CO333779
CO334070
CO335802
CO335971
CO336097
CO336152
CO336267
CO336298
CO336484
CO336532
CO336828
CO336841
CO337353
CO337386
CO337393
CO337474
CO337545
CO338165
CO338377
CO338537
CO338558
CO338886
CO339268
CO339321
CO339371
CO339381
CO339405
CO339497
CO339817
CO339835
CO340069
CO340269
CO340354
CO340508
CO340572
CO340579
CO340604
CO340721
CO340737
CO340945
CO340961
CO341050
CO341276
CO341493
CO341830
CO342147
CO342259
CO342390
CO342469
CO342498
CO342502
CO342607
CO342704
CO342845
CO342942
CO342944
CO343212
CO343222
CO343456
CO343561
CO343591
CO343635
CO343756
CO343782
CO343868
CO343893
CO343947
CO344156
CO344600
CO344647
CO344675
CO344768
CO344963
CO345369
CO345387
CO345458
CO345513
CX309601
CX309602
DN153822
DN153866
DN153996
DN154064
DN154113
DN154299
EC051129
EC051150
EC051258
EC051276
EC051279
EC051440
EC051597
EC051657
EC051674
EC051684
EC051725
EC051766
EC051826
EC051915
EC052047
EC052092
EC052137
EC052152
EC052238
EC052282
EC052326
EC052402
EC052405
EC052428
EC052433
EC052440
EC052619
EC052684
EC052743
EC052795
EC052819
EC052826
EC052959
EC052976
EC053087
EC053164
EC053187
EC053295
EC053349
EC053359
EC053466
EC053487
EC053877
EC053926
EC053991
EC054056
EC054248
EC054253
EC054282
EC054324
EC054489
EC054601
EC054757
EC054790
EC054891
EC054892
EC054952
EC054972
EC055235
EC055264
EC055326
EC055328
EC055389
EC055495
EC055600
EC055633
EC055721
EC055735
EC055850
EC055879
EC055936
EC056012
EC056059
EC056132
EC056138
EC056276
EC056328
EC056464
EC056469
EC056497
EC056505
EC056521
EC056620
EC056662
EC056778
EC056877
EC058179
EC058193
EC058285
EC058360
EC058403
EC058563
EC058640
EC058822
EC059078
EC059169
EC059214
EC059297
EC059734
EC059999
EC060008
EC060164
EC060347
EC060487
EC060642
EC060947
EC061073
EC061139
EC061216
EC061237
EC061421
EC061516
EC061770
EC061867
EC061890
EC061898
EC062204
EC062211
EC062253
EC062718
EC062773
EC062919
EC063093
EC063509
EC063609
EC064029
EC064066
EC064197
EC064219
EC064274
EC064332
EC064675
EC064798
EC064800
EC065010
EC065183
EC065219
EC065409
EC065442
EC065709
EC065801
EC065912
EC066070
EC066504
EC066897
EC067349
EC067699
EC067735
EC067888
EC068018
EC068155
EC068229
EC068230
EC068231
EC068548
EC068574
EC068630
EC068634
EC068870
EC068912
EC069271
EC069353
EC069477
EC069529
EC069613
EC069653
EC069698
EC069938
EC070014
EC070016
EC070110
EC070322
EC070341
EC070577
EC071012
EC071021
EC071348
EC071419
EC071461
EC071526
EC071545
EC071558
EC071608
EC071609
EC071902
EC072249
EC072285
EC072303
EC072592
EC072593
EC072879
EC073115
EC073176
EC073197
EC073202
EC073426
EC073437
EC073459
EC073604
EC073635
EC073834
EC074081
EC074203
EC074242
EC074313
EC074330
EC074336
EC074619
EC074814
EC074848
EC074874
EC074911
EC074953
EC075045
EC075312
EC075468
EC075487
EC075647
EC075852
EC075933
EC075995
EC076063
EC076075
EC076083
EC076142
EC076179
EC076266
EC076276
EC076341
EC076580
EC076695
EC076827
EC076920
EC077051
EC077115
EC077303
EC077322
EC077427
EC077439
EC077586
EC077810
EC077825
EC077859
EC078133
EC078337
EC078548
EC078582
EC078703
EC078756
EC078796
EC078945
EC078985
EC079048
EC079085
EC079164
EC079197
EC079252
EC079688
EC079888
EC079958
EC080035
EC080125
EC080131
EC080135
EC080234
EC080409
EC080439
EC080593
EC080644
EC080757
EC080812
EC080933
EC080945
EC081063
EC081086
EC081190
EC081305
EC081553
EC081569
EC081720
EC081758
EC081971
EC082027
EC082429
EC082541
EC082573
EC082689
EC082970
EC083222
EC083266
EC083320
EC083392
EC083438
EC083529
EC083576
EC083864
EC083926
EC083981
EC084128
EC084254
EC084393
EC084853
EC084963
EC085091
EC085195
EC085202
EC085325
EC085389
EC085551
EC085693
EC085755
EC085800
EC086078
EC086116
EC086198
EC086213
EC086224
EC086240
EC086320
EC086513
EC086589
EC086623
EC086638
EC086647
EC086852
EC086968
EC087032
EC087061
EC087240
EC087307
EC087420
EC087459
EC087591
EC087715
EC087880
EC087958
EC088078
EC088120
EC088404
EC088429
EC088685
EC088726
EC088744
EC089195
EC089340
EC089374
EC089378
EC089392
EC089480
EC089580
EC089632
EC089702
EC089714
EC089740
EC089942
EC090011
EC090081
EC090174
EC090175
EC090742
EC090843
EC091087
EC091092
EC194412
EC194486
EC194877
EC194893
EC194904
EC195142
EC195414
EC195533
EC195746
EC195800
EC195940
EC195971
EC196096
EC196157
EC197058
EC197156
EC197253
EC197259
EC197353
EC197404
EC197528
EC197585
EC197742
EC198003
EC198023
EC198144
EC198147
EC198157
EC198162
EC198333
EC198460
EC198668
EC198708
EC198719
EC199110
EC199400
EC199592
EC199719
EC199783
EC199826
EC200239
EC200357
EC200512
EC200568
EC200741
EC200771
EC200832
EC201281
EC201298
EC201382
EC201387
EC201394
EC201432
EC201535
EC201611
EC202055
EC202384
EC202404
EC202462
EC202481
EC202753
EC202767
EC202872
EC203185
EC203189
EC203340
EC203414
EC203491
EC203516
EC203568
EC203792
EC203845
EC204064
EC204148
EC204191
EC204229
EC204230
EC204392
EC204412
EC204471
EC204479
EC204612
EC204668
EC204789
EC204858
EC204875
EC205294
EC205409
EC205630
EC205631
EC205776
EC205825
EC206082
EC206247
EC206357
EC206395
EC206396
EC206527
EC206649
EC206650
EC206776
EC207177
EC207331
EC207432
EC207534
EC207549
EC207603
EC207635
EC207657
EC208460
EC208498
EC208562
EC208725
EC208817
EC208871
EC208971
EC209020
EC209072
EC209160
EC209190
EC209254
EC209371
EC209484
EC209597
EC209786
EC209800
EC210128
EC210203
EC210321
EC210414
EC210562
EC210994
EC211011
EC211276
EC211290
EC211449
EC211453
EC211581
EC211770
EC211951
EC212046
EC212298
EC212530
EC212594
EC212807
EC212903
EC212990
EC213064
EC213324
EC213354
EC213725
EC213736
EC213801
EC213863
EC213911
EC214085
EC214343
EC214427
EC214439
EC214440
EC214497
EC214762
EC214774
EC214799
EC214836
EC215017
EC215052
EC215245
EC215278
EC215373
EC215471
EC215673
EC215764
EC215808
EC215859
EC215906
EC215954
EC216153
EC216156
EC216274
EC216321
EC216357
EC216368
EC216388
EC216491
EC216564
EC216638
EC217141
EC217420
EC217441
EC217451
EC217566
EC217770
EC217883
EC218450
EC218564
EC218610
EC218678
EC218818
EC218830
EC218833
EC218913
EC218933
EC219012
EC219063
EC219091
EC219290
EC219390
EC219405
EC219548
EC219865
EC219881
EC219993
EC220227
EC220302
EC220498
EC220883
EC220916
EC220934
EC220959
EC221219
EC221270
EC221346
EC221433
EC221436
EC221447
EC221567
EC221599
EC221634
EC221669
EC221716
EC221790
EC221850
EC221929
EC222013
EC222033
EC222068
EC222152
EC222213
EC222419
EC222505
EC222561
EC222781
EC222948
EC223023
EC223310
EC223481
EC223549
EC223891
EC223919
EC223942
EC223971
EC223987
EC224181
EC224800
EC225013
EC225107
EC225158
EC225169
EC225177
EC225191
EC225235
EC225282
EC225306
EC225476
EC225527
EC225627
EC226176
EC226178
EC226383
EC226390
EC226422
EC226755
EC227050
EC227070
EC227390
EC227445
EC227755
EC227757
EC227855
EC227966
EC227977
EC228021
EC228100
EC228135
EC228139
EC228250
EC228548
EC228583
EC228675
EC228739
EC228826
EC228902
EC229120
EC229172
EC229326
EC229342
EC229604
EC229675
EC229707
EC229793
EC229837
EC229931
EC229986
EC229995
EC230301
EC230416
EC230448
EC230658
EC230698
EC230754
EC230934
EC230935
EC231275
EC231615
EC231956
EC232091
EC232335
EC232364
EC232588
EC232691
EC232849
EC233118
EC233136
EC233163
EC233273
EC233274
EC233290
EC233350
EC233431
EC233449
EC233551
EC233863
EC233944
EC234068
EC234110
EC234125
EC234213
EC234297
EC234303
EC234694
EC234746
EC234790
EC234855
EC234892
EC235051
EC235111
EC235118
EC235121
EC235135
EC235553
EC235605
EC235771
EC235913
EC235918
EC235961
EC236034
EC236057
EC236388
EC236477
EC236589
EC236649
EC236855
EC236966
EC237010
EC237516
EC237524
EC237697
EC237936
EC237937
EC238069
EC238449
EC238479
EC238577
EC238622
EC238817
EC239010
EC239189
EC239208
EC239235
EC239239
EC239241
EC239337
EC239388
EC239419
EC239470
EC239614
EC239654
EC239683
EC239687
EC239824
EC240469
EC240537
EC241205
EC241431
EC241493
EC241565
EC241712
EC241752
EC241766
EC241770
EC241791
EC241927
EC242029
EC242082
EC242171
EC242394
EC242497
EC242498
EC242691
EC242702
EC242968
EC243051
EC243068
EC243279
EC243395
EC243808
EC243816
EC243901
EC243913
EC244167
EC244187
EC244225
EC244347
EC244435
EC244471
EC244521
EC244588
EC244947
EC245005
EC245427
EC245454
EC245529
EC245708
EC245877
EC246078
EC246118
EC246463
EC246519
EC246589
EC246669
EC246704
EC246707
EC246803
EC246811
EC246956
EC247043
EC247171
EC247271
EC247289
EC247298
EC247467
EC247759
EC248175
EC248242
EC248563
EC248773
EC248899
EC248927
EC248963
EC249019
EC249107
EC249128
EC249166
EC249385
EC249409
EC249593
EC249681
EC249740
EC249849
EC249909
EC249911
EC250077
EC250095
EC250204
EC250218
EC250338
EC250420
EC250451
EC250653
EC250723
EC250726
EC250838
EC250894
EC251324
EC251486
EC251682
EC251853
EC251983
EC252054
EC252063
EC252317
EC252862
EC252991
EC253317
EC253421
EC253476
EC253582
EC253597
EC253611
EC253841
EC254298
EC254376
EC254474
EC254515
EC254814
EC254839
EC254849
EC254988
EC255007
EC255027
EC255178
EC255182
EC255516
EC255530
EC255864
EC255902
EC255985
EC256324
EC256333
EC256932
EC257063
EC257140
EC257169
EC257356
EC257576
EC258187
EC258409
EC258467
EC258497
EC258506
EC258550
EC258597
EC258607
EC258728
EC258730
EC258757
EC258780
EC258995
EC259074
EC259396
EC259764
EC259917
EC260361
EC260362
EC260461
EC260578
EC260602
EC260618
EC260648
EC260657
EC260705
EC260943
EC260993
EC261080
EC261402
EC261874
EC261885
EC261892
EC262266
EC262287
EC262350
EC262433
EC262573
EC262730
EC262769
EC262918
EC262947
EC263169
EC263241
EC263346
EC263890
EC264160
EC264180
EC264196
EC264230
EC264414
EC264480
EC264524
EC264609
EC266038
EC266111
EC266194
EC266220
EC266422
EC266446
EC266519
EC266643
EC266663
EC266989
EC267184
EC267439
EC267459
EC267501
EC267668
EC267935
EL869684
EL869685
EL869961
EL869963
EL869965
EL869967
EL870083
EL870084
EL870085
EL870086
EL870119
EL870120
EL870121
EL870122
EL870123
EL870124
EL870125
EL870202
EL870203
EL870204
EL870296
EL870604
EL870605
EL870606
EL870609
EL870624
EL870625
EL870626
EL870627
EL871571
EL871572
EL871621
EL871688
EL871689
EL871810
EL871811
EL871941
EL872049
EL872050
EL872123
EL872124
EL872175
EL872176
EL872248
EL872249
EL872298
EL872299
EL872419
EL872420
EL872571
EL872572
EL872886
EL872954
EL872955
EL873062
EL873063
EL873113
EL873114
EL873148
EL873237
EL873324
EL873387
EL873388
EL873503
EL874125
EL874371
EL874372
EL874711
EL874755
EL874756
EL874767
EL874768
EL874835
EL874836
EL874882
EL874883
EL874891
EL874892
EL874965
EL875013
EL875014
EL875073
EL875117
EL875444
EL875557
EL875982
EL876187
EL876188
EL876216
EL876217
EL876256
EL876257
EL876289
EL876290
EL876330
EL876331
EL876364
EL876365
EL876434
EL876435
EL876488
EL876489
EL876613
EL876614
EL876627
EL876628
EL876715
EL876716
EL876826
EL876827
EL876843
EL876844
EL877570
EL877571
EL877609
EL877649
EL877668
EL877896
EL877897
EL877917
EL878045
EL878154
EL878164
EL878165
EL878267
EL878268
EL878283
EL878284
EL878394
EL878395
EL878410
EL878411
EL878456
EL878508
EL878509
EL878576
EL879185
EL879215
EL879450
EL879628
EL879735
EL879862
EL879863
EL879993
EL879994
EL880124
EL880508
EL880603
EL880604
EL880702
EL880816
EL880817
EL880854
EL880855
EL880870
EL880925
EL880926
EL880927
EL880928
EL881026
EL881027
EL881028
EL881029
EL881142
EL881146
EL881148
EL881250
EL881251
EL881252
EL881253
EL881367
EL881368
EL881369
EL881439
EL881440
EL881488
EL881489
EL881530
EL881822
EL881823
EL882044
EL882045
EL882171
EL882172
EL882255
EL882348
EL882349
EL882394
EL882395
EL882413
EL882414
EL882528
EL882635
EL882636
EL882833
EL883015
EL883087
EL883088
EL883103
EL883113
EL883201
EL883202
EL883230
EL883237
EL883238
EL883239
EL883322
EL883345
EL883354
EL883355
EL883458
EL883464
EL883465
EL883466
EL883614
EL884201
EL884642
EL884643
EL884803
EL884848
EL884849
EL885097
EL885219
EL885220
EL885511
EL885512
EL885619
EL885620
EL885622
EL885623
EL885624
EL885731
EL885732
EL885733
EL885734
EL885735
EL885860
EL885861
EL885862
EL885863
EL886361
EL886362
EL886363
EL886390
EL886413
EL886438
EL886470
EL886471
EL886503
EL886505
EL886530
EL886544
EL886558
EL886559
EL886583
EL886584
EL886611
EL886614
EL886637
EL886690
EL886692
EL886719
EL886721
EL886723
EL886749
EL886775
EL886776
EL886778
ES688545
ES688562
ES688569
ES688659
ES688664
ES688668
ES688670
ES688703
ES688740
ES688751
ES688759
ES688770
ES688771
ES688788
ES688789
ES688806
ES688828
ES688832
ES688840
ES688848
ES688865
ES688866
ES688881
ES688884
ES688885
ES688927
ES688934
ES688940
ES688949
ES688966
ES688969
ES688994
ES689006
ES689029
ES689035
ES689050
ES689066
ES689067
ES689072
ES689078
ES689105
ES689108
ES689121
ES689139
ES689140
ES689141
ES689154
ES689170
ES689174
ES689183
ES689188
ES689195
ES689202
ES689244
ES689246
ES689247
ES689257
ES689270
ES689288
ES689311
ES689318
ES689365
ES689404
ES689413
ES689417
ES689419
ES689424
ES689437
ES689439
ES689464
ES689483
ES689487
ES689495
ES689506
ES689507
ES689513
ES689515
ES689552
ES689571
ES689572
ES689574
ES689591
ES689594
ES689601
ES689602
ES689603
ES689604
ES689605
ES689614
ES689615
ES689617
ES689619
ES689636
ES689641
ES689656
ES689657
ES689665
ES689677
ES689687
ES689695
ES689698
ES689705
ES689724
ES689725
ES689742
ES689755
ES689761
ES689765
ES689770
ES689774
ES689779
ES689780
ES689782
ES689791
ES689805
ES689816
ES689835
ES689840
ES689843
ES689912
ES689920
ES689965
ES689991
ES690239
ES690284
ES690333
ES690350
ES690393
ES690413
ES690890
ES690897
ES691111
ES691113
ES691114
ES691116
ES691118
ES691119
ES691126
ES691127
ES691128
ES691140
ES691141
ES691154
ES691156
ES691157
ES691158
ES691160
ES691161
ES691162
ES691163
ES691164
ES691165
ES691168
ES691169
ES691176
ES691177
ES691178
ES691179
ES691180
ES691181
ES691182
ES691185
ES691190
ES691193
ES691195
ES691198
ES691200
ES691204
ES691206
ES691212
ES691215
ES691223
ES691225
ES691230
ES691235
ES691239
ES691241
ES691247
ES691248
ES691254
ES691262
ES691266
ES691268
ES691270
ES691272
ES691273
ES691279
ES691285
ES691286
ES691287
ES691288
ES691289
ES691292
ES691296
ES691299
ES691302
ES691310
ES691311
ES691313
ES691317
ES691318
ES691323
ES691328
ES691331
ES691333
ES691340
ES691342
ES691344
ES691348
ES691355
ES691356
ES691357
ES691358
ES691364
ES691366
ES691373
ES691374
ES691375
ES691377
ES691380
ES691382
ES691384
ES691385
ES691388
ES691391
ES691395
ES691397
ES691398
ES691399
ES691400
ES691402
ES691407
ES691408
ES691409
ES691412
ES691415
ES691417
ES691531
ES691533
ES691535
ES691537
ES691538
ES691543
ES691544
ES691546
ES691547
ES691548
ES691549
ES691552
ES691558
ES691559
ES691563
ES691564
ES691568
ES691569
ES691570
ES691572
ES691573
ES691575
ES691576
ES691578
ES691580
ES691581
ES691590
ES691594
ES691599
ES691601
ES691602
ES691605
ES691606
ES691607
ES691614
ES691619
ES691623
ES691628
ES691629
ES691632
ES691633
ES691634
ES691637
ES691641
ES691645
ES691646
ES691650
ES691653
ES691654
ES691655
ES691656
ES691659
ES691662
ES691664
ES691667
ES691675
ES691678
ES691680
ES691681
ES691685
ES691686
ES691699
ES691701
ES691703
ES691715
ES691717
ES691719
ES691720
ES691723
ES691724
ES691725
ES691728
ES691729
ES691730
ES691731
ES691732
ES691737
ES691738
ES691739
ES691742
ES691743
ES691744
ES691753
ES691755
ES691758
ES691764
ES691768
ES691769
ES691773
ES691774
ES691775
ES691779
ES691781
ES691790
ES691791
ES691797
ES691803
ES691805
ES691809
ES691813
ES691814
ES691826
ES691827
ES691835
ES691837
ES691839
ES691840
ES691851
ES691853
ES691854
ES691859
ES691860
ES691861
ES691864
ES691865
ES691866
ES691868
ES691869
ES691871
ES691875
ES691877
ES691878
ES691880
ES691881
ES691883
ES691884
ES691885
ES691886
ES691888
ES691889
ES691891
ES691894
ES691895
ES691898
ES691903
ES691906
ES691908
ES691916
ES691920
ES691921
ES691922
ES691923
ES691925
ES691926
ES691927
ES691928
ES691930
ES691932
ES691933
ES691934
ES691935
ES691936
ES692007
ES692252
ES692271
ES692521
ES692556
ES692605
ES692679
ES693332
ES693388
ES693463
ES693507
ES693510
ES693511
ES693574
ES693597
ES693604
ES693653
ES693674
ES693678
ES693716
ES693727
ES693737
ES693787
ES693789
ES693843
ES693858
ES693879
ES693880
ES693912
ES693963
ES694048
ES694053
ES694107
ES694114
ES694139
ES694158
ES694178
ES694190
ES694192
ES694361
ES694366
ES694387
ES694463
ES694477
ES694493
ES694527
ES694529
ES694539
ES694569
ES694596
ES694621
ES694644
ES694651
ES694658
ES694792
ES694797
ES694798
ES694799
ES694805
ES694806
ES694819
ES694834
ES694835
ES694858
ES694871
ES694928
ES694929
ES694938
ES694960
ES694971
ES694985
ES694999
ES695002
ES695006
ES695019
ES695026
ES695061
ES695074
ES695079
ES695085
ES695105
ES695108
ES695119
ES695133
ES695139
ES695140
ES695146
ES695147
ES695155
ES695158
ES695172
ES695179
ES695187
ES695414
ES695429
ES695446
ES695979
ES696498
ES696560
ES696573
ES696578
ES696585
EV574797
EV574896
EV574902
EV574955
EV575216
EV575225
EV575236
EV575396
EV575441
EV575475
EV575639
EV575752
EV575892
EV576041
EV576053
EV576282
EV576324
EV576352
EV576461
EV576468
EV576580
EV576649
EV576860
EV576958
EV577046
EV577100
EV577181
EV577205
EV577359
EV577450
EV577602
EV577847
EV577935
EV578049
EV578092
EV578465
EV578609
EV578667
EV578798
EV578913
EV578919
EV578990
EV578994
EV579030
EV579243
EV579253
EV579693
EV579738
EV579751
EV579785
EV579793
EV579807
EV580071
EV580086
EV580094
EV580108
EV580262
EV580427
EV580524
EV580613
EV580695
EV580729
EV580836
EV580874
EV581104
EV581134
EV581141
EV581180
EV581184
EV581227
EV581273
EV581324
EV581637
EV581638
EV581664
EV581672
EV581696
EV581833
EV581899
EV581978
EV581982
EV582030
EV582109
EV582162
EV582176
EV582179
EV582382
EV582545
EV582568
EV582613
EV582629
EV582742
EV582783
EV583229
EV583295
EV583337
EV583423
EV583543
EV583743
EV583848
EV583920
EV584040
EV584072
EV584314
EV584324
EV584572
EV584752
EV584792
EV584926
EV585008
EV585095
EV585102
EV585112
EV585179
EV585239
EV585271
EV585345
EV585421
EV585453
EV585553
EV585646
EV585722
EV585777
EV586107
EV586168
EV586329
EV586383
EV586416
EV586465
EV586499
EV586511
EV586531
EV586555
EV586574
EV586585
EV587100
EV587136
EV587332
EV587366
EV587646
EV587737
EV588083
EV588107
EV588141
EV588242
EV588594
EV588609
EV588718
EV588731
EV588864
EV588883
EV589503
EV589556
EV589735
EV589816
EV589930
EV590099
EV590138
EV590168
EV590316
EV590365
EV590657
EV590674
EV590735
EV590915
EV590942
EV591165
EV591167
EV591273
EV591422
EV591486
EV591488
EV591622
EV591983
EV592058
EV592094
EV592106
EV592126
EV592188
EV592571
EV592577
EV592670
EV592791
EV592802
EV592830
EV592844
EV593244
EV593273
EV593290
EV593314
EV593364
EV593469
EV593494
EV593546
EV593550
EV593604
EV593627
EV593688
EV593836
EV593884
EV593937
EV594032
EV594092
EV594133
EV594158
EV594183
EV594302
EV594343
EV594366
EV594882
EV594938
EV594947
EV595143
EV595150
EV595203
EV595231
EV595253
EV595690
EV595825
EV595848
EV595940
EV596045
EV596145
EV596215
EV596246
EV596418
EV596583
EV596673
EV596815
EV596913
EV597010
EV597098
EV597155
EV597346
EV597358
EV597368
EV597466
EV597491
EV597648
EV597655
EV597691
EV597805
EV597861
EV597929
EV597953
EV598018
EV598059
EV598073
EV598111
EV598131
EV598229
EV598389
EV598391
EV598745
EV598775
EV598800
EV598904
EV599151
EV599153
EV599227
EV599246
EV599267
EV599431
EV599584
EV599630
EV599638
EV599700
EV599714
EV599723
EV599806
EV599849
EV599906
EV600134
EV600226
EV600278
EV600388
EV600446
EV600637
EV600799
EW712742
EY198658
EY198663
EY198693
EY198774
EY198805
EY198878
EY198895
EY199017
FD585533
FD585578
FD586421
FD586441
FD586491
FD586510
FD586668
FD586773
FD586863
FD586990
FD587044
FD587167
FD587172
FD587224
FD587255
FD587264
FD587266
FD587322
FD587396
FD587445
FD587546
FE527348
FE527645
FE527652
FF579134
FF579179
FF579307
FL502433
FL502455
FL502598
FL502639
FL502659
GH738883
GH738899
GH738952
GH738966
GH739016
GH739042
GH739048
GH739064
GH739071
GH739079
GH739119
GH739140
GH739152
GH739175
GH739177
GH739235
GH739255
GH739315
GH739318
GH739322
GH739347
GH739358
GH739396
GH739422
GH739507
GH739532
GH739544
GH739638
GH739679
GH739687
GH739735
GH739749
GH739758
GH739933
GH739981
GH740008
GH740048
GH740054
GH740110
GH740117
GH740151
GH740199
GH740213
GH740222
GH740273
GH740303
GH740324
GH740365
GH740421
GH740467
GH740492
GH740525
GH740561
GH740594
GH740624
GH740629
GH740657
GH740737
GH740754
GH740771
GH740784
GH740824
GH740828
GH740841
GH740850
GH740866
GH740874
GH740897
GH740918
GH740945
GH741042
GH741049
GH741072
GH741097
GH741102
GH741138
GH741281
GH741296
GH741352
GH741378
GH741397
GH741418
GH741587
GH741591
GH741610
GH741648
GH741650
GH741660
GH741671
GH741740
GH741793
GH741807
GH741810
GH741861
GH741926
GH741967
GH742043
GH742134
GH742167
GH742192
GH742213
GH742217
GH742233
GH742273
GH742304
GH742347
GH742392
GH742429
GH742431
GH742487
GH742497
GH742513
GH742549
GH742574
GH742619
GH742709
GH742711
GH742713
GH742744
GH742755
GH742761
GH742777
GH742787
GH742812
GH742836
GH742845
GH742860
GH742866
GH742876
GH742882
GH742924
GH742930
GH742953
GH742981
GH742992
GH742993
GH742998
GH743007
GH743042
GH743107
GH743132
GH743187
GH743193
GH743222
GH743253
GH743275
GH743332
GH743344
GH743386
GH743432
GH743441
GH743454
GH743455
GH743468
GH743540
GH743602
GH743613
GH743661
GH743670
GH743675
GH743679
GH743711
GH743730
GH743739
GH743817
GH743826
GH743841
GH743851
GH743852
GH743873
GH743908
GH743959
GH743963
GH743967
GH743971
GH743974
GH744009
GH744056
GH744070
GH744072
GH744079
GH744084
GH744126
GH744169
GH744233
GH744277
GH744390
GH744397
GH744468
GH744479
GH744504
GH744525
GH744595
GH744615
GH744628
GH744637
GH744650
GH744656
GH744702
GH744743
GH744753
GH744811
GH744864
GH744986
GH744997
GH745079
GH745168
GH745183
GH745208
GH745214
GH745289
GH745312
GH745324
GH745371
GH745380
GH745381
GH745395
GH745480
GH745523
GH745550
GH745682
GH745746
GH745765
GH745858
GH745894
GH745915
GH745921
GH745995
GH746008
GH746259
GH746266
GH746308
GH746312
GH746330
GH746349
GH746354
GH746363
GH746389
GH746547
GH746554
GH746570
GH746598
GH746633
GH746654
GH746661
GH746667
GH746669
GH746730
GH746746
GH746758
GH746806
GH746890
GH746896
GH746910
GH746926
GH746950
GH746973
GH747008
GH747012
GH747180
GH747191
GH747223
GH747283
GH747286
GH747334
GH747370
GH747447
GH748002
GH748197
GH748416
GH748724
GH748729
GH749142
GH749211
GH749434
GH749447
GH749533
GH749591
GH749676
GH749755
GH750178
GH750422
GH750669
GH750850
GH751201
GH751616
GH751667
GH751697
GH751736
GH751832
GH752004
GH752156
GH752165
GH752389
GH752498
GH752561
GH752832
GH752881
GH753082
GH753150
GH753266
GH753723
GH754055
GH754291
GH754309
GH754379
GH754666
GH755049
GH755224
GH755263
GH755281
GH755471
GH755607
GH755801
GH756685
GH756835
GH757404
GH757428
GH757526
GH757644
GH757775
GH757856
GH758566
GH758895
GH759086
GH759591
GH759653
GH759787
GH760169
GH760421
GH760443
GH760502
GH760791
GH761060
GH761455
GH761486
GH761634
GH761686
GH761696
GH761718
GH761727
GH761747
GH761832
GH761836
GH761857
GH761883
GH761985
GH762001
GH762018
GH762022
GH762027
GH762072
GH762092
GH762095
GH762122
GH762168
GH762222
GH762225
GH762237
GH762266
GH762284
GH762316
GH762360
GH762383
GH762441
GH762474
GH762479
GH762509
GH762546
GH762554
GH762568
GH762590
GH762609
GH762613
GH762627
GH762683
GH762703
GH762721
GH762785
GH762797
GH762810
GH762834
GH762836
GH762910
GH762915
GH762926
GH762933
GH762945
GH762956
GH762962
GH762975
GH763070
GH763137
GH763298
GH763312
GH763314
GH763364
GH763378
GH763416
GH763447
GH763461
GH763477
GH763506
GH763542
GH763556
GH763561
GH763562
GH763609
GH763641
GH763643
GH763663
GH763690
GH763698
GH763699
GH763721
GH763811
GH763829
GH763832
GH763911
GH763988
GH764038
GH764044
GH764154
GH764306
GH764340
GH764349
GH764358
GH764374
GH764426
GH764454
GH764489
GH764503
GH764508
GH764643
GH764681
GH764700
GH764715
GH764744
GH764763
GH764807
GH764882
GH764888
GH764971
GH764977
GH764984
GH764990
GH765006
GH765050
GH765073
GH765087
GH765099
GH765167
GH765186
GH765198
GH765217
GH765269
GH765306
GH765313
GH765347
GH765351
GH765369
GH765379
GH765407
GH765435
GH765534
GH765588
GH765606
GH765662
GH765762
GH765784
GH765807
GH765814
GH765817
GH765888
GH765988
GH766217
GH766365
GH766412
GH766447
GH766476
GH766505
GH766537
GH766544
GH766630
GH766633
GH766648
GH766675
GH766685
GH766737
GH766780
GH766815
GH766851
GH766907
GH766931
GH766949
GH766968
GH767056
GH767075
GH767134
GH767140
GH767149
GH767217
GH767242
GH767349
GH767376
GH767378
GH767380
GH767410
GH767449
GH767469
GH767475
GH767512
GH767572
GH767591
GH767595
GH767607
GH767637
GH767663
GH767665
GH767666
GH767695
GH767754
GH767783
GH767802
GH767892
GH767894
GH767900
GH767943
GH767957
GH767958
GH767983
GH768084
GH768092
GH768103
GH768112
GH768129
GH768164
GH768172
GH768193
GH768239
GH768250
GH768259
GH768263
GH768271
GH768316
GH768329
GH768346
GH768360
GH768438
GH768443
GH768448
GH768477
GH768489
GH768545
GH768572
GH768618
GH768665
GH768669
GH768687
GH768692
GH768761
GH768768
GH768774
GH768845
GH768872
GH768913
GH769052
GH769069
GH769165
GH769242
GH769273
GH769333
GH769418
GH769508
GH769544
GH769555
GH769616
GH769645
GH769687
GH769749
GH769782
GH769843
GH769866
GH769884
GH769895
GH770076
GH770298
GH770307
GH770971
GH771094
GH771107
GH771267
GH771481
GH771510
GH771650
GH771861
GH771882
GH772023
GH772225
GH772519
GH772869
GH773075
GH773084
GH773152
GH773744
GH774191
GH774402
GH774677
GH774862
GH774936
GH775089
GH775118
GH775189
GH775366
GH775367
GH775610
GH775651
GH775684
GH775936
GH776005
GH776036
GH776121
GH776255
GH776367
GH776391
GH776570
GH776754
GH776909
GH776921
GH777017
GH777275
GH777290
GH777489
GH777545
GH777649
GH777852
GH778027
GH778044
GH778186
GH778221
GH778569
GH778783
GH779034
GH779207
GH779226
GH779228
GH779235
GH779245
GH779249
GH779251
GH779263
GH779271
GH779272
GH779280
GH779320
GH779351
GH779373
GH779392
GH779393
GH779419
GH779420
GH779444
GH779450
GH779482
GH779484
GH779505
GH779528
GH779545
GH779559
GH779567
GH779572
GH779666
GH779692
GH779698
GH779727
GH779750
GH779761
GH779773
GH779859
GH779863
GH779879
GH779937
GH779965
GH779986
GH780047
GH780171
GH780457
GH780626
GH780899
GH781182
GH781384
GH781391
GH781450
GH781614
GH781674
GH781844
GH781975
GH782348
GH782706
GH783540
GH783573
GH783753
GH784216
GH784799
GH784940
GH784965
GH785023
GH785085
GH785126
GH785573
GH785646
GH785664
GH786100
GH786468
GH786768
GH787149
GH787426
GH787587
GH787758
GH787960
GH787970
GH788021
GH788316
GH788318
GH788522
GH788644
GH788968
GH789110
GH789489
GH789654
GH789728
GH790129
GH790411
GH790559
GH790629
GH790871
GH791015
GH791242
GH791293
GH791333
GH791369
GH791684
GH791994
GH792126
GH792344
GH792391
GH792874
GH793070
GH793390
GH793460
GH793553
GH793677
GH793709
GH793711
GH793741
GH793811
GH793866
GH794138
GH794626
GH794687
GH794725
GH794733
GH794845
GH795106
GH795145
GH795470
GH796547
GH797056
GH797111
GH797329
GH797659
GH797827
GH797890
GH798010
GH798286
GH798560
GH798702
GH798751
GH798868
GH799005
GH799073
GH799074
GH799102
GH799138
GH799634
GH799685
GH799978
GH800006
GH800283
GH800607
GH800981
GH801150
GH801172
GH801223
GH801405
GH801463
GH801735
GH802076
GH802120
GH802387
GH802571
GH802720
GH803013
GH803019
GH803023
GH803101
GH803256
GH803287
GH803617
GH804125
GH804396
GH804895
GH805155
GH805248
GH805705
GH806388
GH806804
GH806954
GH807379
GH807720
GH807953
GH808065
GH808232
GH808415
GH808424
GH808582
GH808818
GH809030
GH809036
GH809176
GH809183
GH809199
GH809323
GH809394
GH809546
GH809767
GH809842
GH810131
GH810153
GH810405
GH810491
GH810732
GH811016
GH811227
GH811295
GH811450
GH811925
GH811965
GH811989
GH812050
GH812098
GH812339
GH812670
GH812688
GH812742
GH812941
GH813321
GH813547
GH813660
GH813767
GH813789
GH813802
GH813833
GH813901
GH813935
GH813947
GH814166
GH814254
GH814337
GH814382
GH814955
GH815054
GH815193
GH815267
GH815305
GH815362
GH815467
GH815500
GH815601
GH815658
GH816054
GH816125
GH816244
GH816547
GH816836
GH817043
GH817299
GH817609
GH817821
GH818491
GH818666
GH818786
GH818911
GH819060
GH819201
GH819307
GH819840
GH819980
GH820301
GH820440
GH820514
GH820921
GH821058
GH821229
GH821253
GH821429
GH821799
GH821855
GH822046
GH822153
GH822348
GH822394
GH822436
GH822438
GH822934
GH822955
GH822964
GH823181
GH823288
GH823445
GH823614
GH824057
GH824101
GH824527
GH824683
GH824685
GH824805
GH825069
GH825358
GH825417
GH825515
GH825597
GH825671
GH825751
GH826152
GH826320
GH826380
GH826483
GH826891
GH827118
GH827508
GH827668
GH827714
GH827903
GH828044
GH828078
GH828102
GH828137
GH828149
GH828152
GH828179
GH828183
GH828350
GH828758
GH828923
GH829011
GH829279
GH829339
GH829692
GH829751
GH829962
GH830146
GH830218
GH830486
GH830574
GH830754
GH830817
GH831024
GH832491
GH832495
GH832585
GH832716
GH833173
GH833212
GH833294
GH833323
GH833620
GH834011
GH834133
GH834253
GH834443
GH834538
GH834715
GH834947
GH835177
GH835207
GH835238
GH835367
GH835401
GH835421
GH835447
GH835786
GH835931
GH836382
GH836602
GH836628
GH836699
GH836806
GH836942
GH837270
GH837426
GH837553
GH837619
GH837708
GH837768
GH838279
GH838590
GH839067
GH839082
GH839114
GH839312
GH839387
GH839536
GH839801
GH840108
GH840294
GH840380
GH840557
GH840579
GH840672
GH840690
GH840717
GH841137
GH841942
GH842019
GH842081
GH842195
GH842310
GH842344
GH842426
GH843720
GH843746
GH843889
GH844095
GH844372
GH845325
GH845419
GH845531
GH845754
GH845957
GH846257
GH846430
GH846455
GH846544
GH846638
GH846807
GH847015
GH847309
GH847441
GH847530
GH847633
GH847673
GH847709
GH848293
GH848711
GH848799
GH849105
GH849195
GH849641
GH849707
GH849878
GH850116
GH850650
GH850702
GH850780
GH851169
GH851624
GH851629
GH851851
GH852140
GH852146
GH852277
GH852667
GH852931
GH853954
GH854007
GH854654
GH854723
GH854726
GH854887
GH855424
GH855599
GH855735
GH855805
GH856613
GH856740
GH856773
GH856979
GH857232
GH857274
GH857817
GH858259
GH858297
GH858342
GH858417
GH858619
GH858911
GH859207
GH859586
GH860042
GH860051
GH860097
GH860479
GH860706
GH860766
GH861100
GH861264
GH861330
GH861662
GH862089
GH862263
GH862305
GH862686
GH862803
GH862969
GH863101
GH863107
GH863142
GH863216
GH863250
GH863587
GH863723
GH863739
GH863989
GH864139
GH864283
GH864496
GH864513
GH864726
GH864729
GH864784
GH864808
GH864868
GH864973
GH864986
GH865497
GH865786
GH865861
GH866036
GH866269
GH866615
GH866791
GH867430
GH867909
GH868286
GH868456
GH870045
GH870112
GH870887
GH870974
GH870999
GH871086
GH871376
GH871657
GH871736
GH871747
GH871937
GH872001
GH872032
GH872118
GH872137
GH872161
GH872288
GH872359
GH872373
GH872518
GH872590
GH872705
GH872755
GH872799
GH872938
GH873155
GH873714
GH873768
GH873886
GH873921
GH874061
GH874259
GH874313
GH874362
GH874462
GH874572
GH875004
GH875011
GH875214
GH875353
GH875421
GH875647
GH875759
GH875819
GH875945
GH876014
GH876198
GH876290
GH876360
GH876758
GH876779
GH876833
GH876946
GH877264
GH877602
GH877608
GH877700
GH877747
GH877749
GH877869
GH878484
GH878715
GH879049
GH879216
GH879488
GH879521
GH879735
GH879760
GH879892
GH879947
GH880106
GH880242
GH880337
GH880339
GH880446
GH880472
GH880641
GH880708
GH881161
GH881359
GH881581
GH882659
GH882691
GH883141
GH883329
GH883449
GH883651
GH883792
GH883851
GH883997
GH884478
GH884905
GH885065
GH885294
GH885491
GH885873
GH886080
GH886293
GH886663
GH886782
GH887063
GH887279
GH887398
GH887533
GH887679
GH887716
GH888113
GH888497
GH889071
GH889342
GH889593
GH889755
GH889903
GH890026
GH890082
GH890642
GH890677
GH890813
GH890887
GH890974
GH891070
GH891576
GH891735
GH892314
GH892472
GH892844
GH892972
GH892985
GH893025
GH893315
GH893349
GH893429
GH893918
GH894084
GH894132
GH894165
GH894262
GH894576
GH894871
GH894951
GH895479
GH895542
GH895721
GH895724
GH895740
GH895931
GH896091
GH896131
GH896360
GH896384
GH896460
GH896481
GH896577
GH896578
GH896771
GH896823
GH896841
GH896875
GH897224
GH897260
GH897353
GH897507
GH897899
GH898270
GH898335
GH898846
GH898892
GH899369
GH899392
GH899875
GH899894
GH899963
GH899976
GH900031
GH900582
GH900667
GH900726
GH900830
GH901248
GH901364
GH901440
GH901691
GH901854
GH902025
GH902119
GH902601
GH902776
GH902791
GH903119
GH903182
GH903396
GH903566
GH903572
GH903581
GH903601
GH903762
GH903790
GH903918
GH904038
GH904275
GH904422
GH904431
GH904822
GH904867
GH904956
GH905271
GH905333
GH905666
GH905900
GH906168
GH906214
GH906602
GH906851
GH906999
GH907019
GH907350
GH907486
GH907509
GH907521
GH907555
GH907572
GH907962
GH907968
GH908201
GH908238
GH908261
GH908409
GH908463
GH908465
GH908949
GH908959
GH909087
GH909562
GH909910
GH909994
GH910225
GH910476
GH911064
GH911166
GH911380
GH911660
GH911720
GH911771
GH912293
GH912329
GH912545
GH912551
GH912627
GH912642
GH912655
GH913485
GH913498
GH913523
GH913546
GH913637
GH913672
GH913736
GH914305
GH914496
GH914676
GH914704
GH914729
GH914760
GH914767
GH914838
GH915082
GH915222
GH915316
GH915655
GH915991
GH916321
GH916338
GH916505
GH916555
GH916610
GH916773
GH916798
GH917155
GH917389
GH917459
GH918078
GH918184
GH918301
GH918396
GH918478
GH918527
GH918953
GH919065
GH919093
GH919323
GH919371
GH919418
GH920224
GH921017
GH921136
GH921139
GH921285
GH921405
GH922100
GH922234
GH922370
GH922563
GH922666
GH922896
GH923155
GH923161
GH923177
GH923293
GH923579
GH923620
GH923623
GH923830
GH924082
GH924745
GH925033
GH925422
GH925541
GH926101
GH926190
GH926318
GH926428
GH926584
GH926604
GH927251
GH927377
GH928038
GH928120
GH928288
GH928486
GH928816
GH928883
GH929116
GH929164
GH929317
GH929354
GH929571
GH929669
GH929700
GH929732
GH929802
GH930003
GH930006
GH930166
GH930485
GH930873
GH930899
GH930902
GH930915
GH930987
GH931061
GH931434
GH931701
GH931731
GH931744
GH932258
GH932378
GH932419
GH932456
GH932533
GH932581
GH932663
GH932678
GH932687
GH932910
GH932959
GH933171
GH933219
GH933444
GH933725
GH933726
GH933760
GH933907
GH934078
GH934173
GH934178
GH934372
GH934446
GH934812
GH935011
GH935142
GH935640
GH935703
GH935790
GH935812
GH935849
GH936124
GH936563
GH936682
GH936951
GH936953
GH937022
GH937463
GH937534
GH937823
GH938203
GH938429
GH938767
GH938838
GH938842
GH939039
GH939058
GH939098
GH939111
GH939233
GH939326
GH939335
GH939472
GH939634
GH939725
GH939978
GH940172
GH940195
GH940352
GH940447
GH940458
GH940758
GH940902
GH941473
GH941822
GH941891
GH941931
GH941939
GH941955
GH941973
GH942004
GH942160
GH942178
GH942233
GH942354
GH942452
GH942642
GH942643
GH942772
GH942777
GH942800
GH942932
GH943021
GH943063
GH943129
GH943192
GH943674
GH943713
GH943927
GH943951
GH944081
GH944117
GH944258
GH944405
GH944440
GH944468
GH944540
GH944634
GH944727
GH944945
GH944997
GH945168
GH945255
GH946167
GH946195
GH946270
GH946300
GH946414
GH946864
GH946880
GH947083
GH947463
GH947540
GH947601
GH947682
GH947768
GH947823
GH947913
GH948033
GH948133
GH948447
GH948457
GH948553
GH948584
GH948593
GH948692
GH948704
GH948908
GH949002
GH949174
GH949310
GH949360
GH949387
GH949596
GH949772
GH949880
GH949957
GH949996
GH950059
GH950067
GH950104
GH950126
GH950395
GH950414
GH950495
GH950611
GH950640
GH950967
GH951029
GH951086
GH951149
GH951324
GH951380
GH951584
GH951746
GH951784
GH951816
GH951936
GH952163
GH952176
GH952236
GH952297
GH952328
GH952418
GH952483
GH952791
GH952835
GH952844
GH952939
GH953129
GH953458
GH953821
GH953840
GH953993
GH954265
GH954276
GH954335
GH954466
GH954658
GH954869
GH954982
GH955179
GH955238
GH955299
GH955338
GH955823
GH956262
GH956283
GH956430
GH956614
GH956629
GH956645
GH956762
GH957102
GH957151
GH957261
GH957271
GH957385
GH957389
GH957403
GH957416
GH957563
GH957657
GH957831
GH957934
GH957944
GH957975
GH958473
GH958563
GH958568
GH958604
GH958817
GH958892
GH958915
GH959073
GH959148
GH959175
GH959588
GH959622
GH959687
GH959820
GH959950
GH960116
GH960183
GH960366
GH960411
GH960420
GH960531
GH960545
GH960548
GH960599
GH960694
GH960757
GH960868
GH960897
GH961084
GH961138
GH961287
GH961376
GH961441
GH961602
GH961616
GH961638
GH961651
GH961665
GH961711
GH961870
GH962022
GH962150
GH962298
GH962303
GH962599
GH962721
GH962807
GH962825
GH962880
GH962928
GH963085
GH963112
GH963189
GH963255
GH963315
GH963420
GH963468
GH963562
GH963593
GH963750
GH963888
GH963906
GH964000
GH964136
GH964159
GH964180
GH964234
GH964428
GH964470
GH964593
GH964614
GH964632
GH964651
GH964655
GH964664
GH964810
GH964823
GH964888
GH965024
GH965025
GH965175
GH965225
GH965351
GH965491
GH965510
GH965952
GH966204
GH966398
GH966534
GH966736
GH966768
GH966789
GH966848
GH966884
GH966888
GH966943
GH967401
GH967448
GH967449
GH967841
GH967957
GH967991
GH968004
GH968091
GH968299
GH968353
GH968414
GH968447
GH968449
GH968555
GH969083
GH969260
GH969374
GH969413
GH969547
GH969551
GH969555
GH969702
GH969810
GH969988
GH970002
GH970154
GH970170
GH970221
GH970260
GH970264
GH970430
GH970594
GH970715
GH970724
GH970854
GH970925
GH971134
GH971140
GH971160
GH971173
GH971260
GH971290
GH971328
GH971548
GH971607
GH971618
GH971818
GH971976
GH972188
GH972474
GH972597
GH972614
GH972671
GH972677
GH972706
GH972779
GH973039
GH973058
GH973143
GH973150
GH973279
GH973280
GH973340
GH973440
GH973623
GH973651
GH973725
GH973853
GH973989
GH974196
GH974364
GH974426
GH974452
GH974463
GH974566
GH974633
GH974646
GH974661
GH974971
GH975091
GH975177
GH975246
GH975304
GH975337
GH975458
GH975637
GH975656
GH975773
GH975807
GH975874
GH975982
GH976018
GH976132
GH976141
GH976157
GH976178
GH976227
GH976253
GH976346
GH976591
GH976753
GH976903
GH976983
GH977197
GH977264
GH977275
GH977309
GH977640
GH977934
GH977965
GH978036
GH978322
GH978477
GH978546
GH978643
GH978656
GH978752
GH978835
GH978873
GH978882
GH979030
GH979091
GH979129
GH979147
GH979314
GH979331
GH979369
GH979607
GH979640
GH979727
GH979766
GH979770
GH979941
GH980136
GH980191
GH980252
GH980276
GH980315
GH980353
GH980776
GH980934
GH980949
GH981032
GH981049
GH981062
GH981080
GH981098
GH981456
GH981471
GH981575
GH981634
GH981728
GH981756
GH981866
GH982097
GH982214
GH982237
GH982268
GH982315
GH982385
GH982479
GH982772
GH982799
GH982911
GH982920
GH982933
GH982971
GH983167
GH983363
GH983477
GH983554
GH983651
GH983897
GH984059
GH984218
GH984470
GH984682
GH985117
GO254330
GO254491
GO254503
GO254558
GO271071
GO271146
GR705739
GR705777
GR705825
GR705853
